This is pdfeTeX, Version 3.141592-1.21a-2.2 (Web2C 7.5.4) (format=latex 2007.6.3)  2 DEC 2008 16:35
entering extended mode
**tg.tex
(./tg.tex
LaTeX2e <2003/12/01>
Babel <v3.8d> and hyphenation patterns for american, french, german, ngerman, b
ahasa, basque, bulgarian, catalan, croatian, czech, danish, dutch, esperanto, e
stonian, finnish, greek, icelandic, irish, italian, latin, magyar, norsk, polis
h, portuges, romanian, russian, serbian, slovak, slovene, spanish, swedish, tur
kish, ukrainian, nohyphenation, loaded.
(./tg.cls

LaTeX Warning: You have requested document class `tg',
               but the document class provides `latexbook'.

Document Class: latexbook 
(/usr/share/texmf-tetex/tex/latex/base/book.cls
Document Class: book 2004/02/16 v1.4f Standard LaTeX document class
(/usr/share/texmf-tetex/tex/latex/base/bk10.clo
File: bk10.clo 2004/02/16 v1.4f Standard LaTeX file (size option)
)
\c@part=\count79
\c@chapter=\count80
\c@section=\count81
\c@subsection=\count82
\c@subsubsection=\count83
\c@paragraph=\count84
\c@subparagraph=\count85
\c@figure=\count86
\c@table=\count87
\abovecaptionskip=\skip41
\belowcaptionskip=\skip42
\bibindent=\dimen102
)
(/usr/share/texmf-tetex/tex/latex/base/inputenc.sty
Package: inputenc 2004/02/05 v1.0d Input encoding file

(/usr/share/texmf-tetex/tex/latex/base/utf8.def
File: utf8.def 2004/02/09 v1.1b UTF-8 support for inputenc
Now handling font encoding OML ...
... no UTF-8 mapping file for font encoding OML
Now handling font encoding T1 ...
... processing UTF-8 mapping file for font encoding T1

(/usr/share/texmf-tetex/tex/latex/base/t1enc.dfu
File: t1enc.dfu 2004/02/09 v1.1b UTF-8 support for inputenc
   defining Unicode char U+00A1 (decimal 161)
   defining Unicode char U+00A3 (decimal 163)
   defining Unicode char U+00AB (decimal 171)
   defining Unicode char U+00BB (decimal 187)
   defining Unicode char U+00BF (decimal 191)
   defining Unicode char U+00C0 (decimal 192)
   defining Unicode char U+00C1 (decimal 193)
   defining Unicode char U+00C2 (decimal 194)
   defining Unicode char U+00C3 (decimal 195)
   defining Unicode char U+00C4 (decimal 196)
   defining Unicode char U+00C5 (decimal 197)
   defining Unicode char U+00C6 (decimal 198)
   defining Unicode char U+00C7 (decimal 199)
   defining Unicode char U+00C8 (decimal 200)
   defining Unicode char U+00C9 (decimal 201)
   defining Unicode char U+00CA (decimal 202)
   defining Unicode char U+00CB (decimal 203)
   defining Unicode char U+00CC (decimal 204)
   defining Unicode char U+00CD (decimal 205)
   defining Unicode char U+00CE (decimal 206)
   defining Unicode char U+00CF (decimal 207)
   defining Unicode char U+00D0 (decimal 208)
   defining Unicode char U+00D1 (decimal 209)
   defining Unicode char U+00D2 (decimal 210)
   defining Unicode char U+00D3 (decimal 211)
   defining Unicode char U+00D4 (decimal 212)
   defining Unicode char U+00D5 (decimal 213)
   defining Unicode char U+00D6 (decimal 214)
   defining Unicode char U+00D8 (decimal 216)
   defining Unicode char U+00D9 (decimal 217)
   defining Unicode char U+00DA (decimal 218)
   defining Unicode char U+00DB (decimal 219)
   defining Unicode char U+00DC (decimal 220)
   defining Unicode char U+00DD (decimal 221)
   defining Unicode char U+00DE (decimal 222)
   defining Unicode char U+00DF (decimal 223)
   defining Unicode char U+00E0 (decimal 224)
   defining Unicode char U+00E1 (decimal 225)
   defining Unicode char U+00E2 (decimal 226)
   defining Unicode char U+00E3 (decimal 227)
   defining Unicode char U+00E4 (decimal 228)
   defining Unicode char U+00E5 (decimal 229)
   defining Unicode char U+00E6 (decimal 230)
   defining Unicode char U+00E7 (decimal 231)
   defining Unicode char U+00E8 (decimal 232)
   defining Unicode char U+00E9 (decimal 233)
   defining Unicode char U+00EA (decimal 234)
   defining Unicode char U+00EB (decimal 235)
   defining Unicode char U+00EC (decimal 236)
   defining Unicode char U+00ED (decimal 237)
   defining Unicode char U+00EE (decimal 238)
   defining Unicode char U+00EF (decimal 239)
   defining Unicode char U+00F0 (decimal 240)
   defining Unicode char U+00F1 (decimal 241)
   defining Unicode char U+00F2 (decimal 242)
   defining Unicode char U+00F3 (decimal 243)
   defining Unicode char U+00F4 (decimal 244)
   defining Unicode char U+00F5 (decimal 245)
   defining Unicode char U+00F6 (decimal 246)
   defining Unicode char U+00F8 (decimal 248)
   defining Unicode char U+00F9 (decimal 249)
   defining Unicode char U+00FA (decimal 250)
   defining Unicode char U+00FB (decimal 251)
   defining Unicode char U+00FC (decimal 252)
   defining Unicode char U+00FD (decimal 253)
   defining Unicode char U+00FE (decimal 254)
   defining Unicode char U+00FF (decimal 255)
   defining Unicode char U+0102 (decimal 258)
   defining Unicode char U+0103 (decimal 259)
   defining Unicode char U+0104 (decimal 260)
   defining Unicode char U+0105 (decimal 261)
   defining Unicode char U+0106 (decimal 262)
   defining Unicode char U+0107 (decimal 263)
   defining Unicode char U+010C (decimal 268)
   defining Unicode char U+010D (decimal 269)
   defining Unicode char U+010E (decimal 270)
   defining Unicode char U+010F (decimal 271)
   defining Unicode char U+0110 (decimal 272)
   defining Unicode char U+0111 (decimal 273)
   defining Unicode char U+0118 (decimal 280)
   defining Unicode char U+0119 (decimal 281)
   defining Unicode char U+011A (decimal 282)
   defining Unicode char U+011B (decimal 283)
   defining Unicode char U+011E (decimal 286)
   defining Unicode char U+011F (decimal 287)
   defining Unicode char U+0130 (decimal 304)
   defining Unicode char U+0131 (decimal 305)
   defining Unicode char U+0139 (decimal 313)
   defining Unicode char U+013A (decimal 314)
   defining Unicode char U+013D (decimal 317)
   defining Unicode char U+013E (decimal 318)
   defining Unicode char U+0141 (decimal 321)
   defining Unicode char U+0142 (decimal 322)
   defining Unicode char U+0143 (decimal 323)
   defining Unicode char U+0144 (decimal 324)
   defining Unicode char U+0147 (decimal 327)
   defining Unicode char U+0148 (decimal 328)
   defining Unicode char U+014A (decimal 330)
   defining Unicode char U+014B (decimal 331)
   defining Unicode char U+0150 (decimal 336)
   defining Unicode char U+0151 (decimal 337)
   defining Unicode char U+0152 (decimal 338)
   defining Unicode char U+0153 (decimal 339)
   defining Unicode char U+0154 (decimal 340)
   defining Unicode char U+0155 (decimal 341)
   defining Unicode char U+0158 (decimal 344)
   defining Unicode char U+0159 (decimal 345)
   defining Unicode char U+015A (decimal 346)
   defining Unicode char U+015B (decimal 347)
   defining Unicode char U+015E (decimal 350)
   defining Unicode char U+015F (decimal 351)
   defining Unicode char U+0160 (decimal 352)
   defining Unicode char U+0161 (decimal 353)
   defining Unicode char U+0162 (decimal 354)
   defining Unicode char U+0163 (decimal 355)
   defining Unicode char U+0164 (decimal 356)
   defining Unicode char U+0165 (decimal 357)
   defining Unicode char U+016E (decimal 366)
   defining Unicode char U+016F (decimal 367)
   defining Unicode char U+0170 (decimal 368)
   defining Unicode char U+0171 (decimal 369)
   defining Unicode char U+0178 (decimal 376)
   defining Unicode char U+0179 (decimal 377)
   defining Unicode char U+017A (decimal 378)
   defining Unicode char U+017B (decimal 379)
   defining Unicode char U+017C (decimal 380)
   defining Unicode char U+017D (decimal 381)
   defining Unicode char U+017E (decimal 382)
   defining Unicode char U+200C (decimal 8204)
   defining Unicode char U+2013 (decimal 8211)
   defining Unicode char U+2014 (decimal 8212)
   defining Unicode char U+2018 (decimal 8216)
   defining Unicode char U+2019 (decimal 8217)
   defining Unicode char U+201A (decimal 8218)
   defining Unicode char U+201C (decimal 8220)
   defining Unicode char U+201D (decimal 8221)
   defining Unicode char U+201E (decimal 8222)
   defining Unicode char U+2030 (decimal 8240)
   defining Unicode char U+2031 (decimal 8241)
   defining Unicode char U+2039 (decimal 8249)
   defining Unicode char U+203A (decimal 8250)
   defining Unicode char U+2423 (decimal 9251)
)
Now handling font encoding OT1 ...
... processing UTF-8 mapping file for font encoding OT1

(/usr/share/texmf-tetex/tex/latex/base/ot1enc.dfu
File: ot1enc.dfu 2004/02/09 v1.1b UTF-8 support for inputenc
   defining Unicode char U+00A1 (decimal 161)
   defining Unicode char U+00A3 (decimal 163)
   defining Unicode char U+00B8 (decimal 184)
   defining Unicode char U+00BF (decimal 191)
   defining Unicode char U+00C5 (decimal 197)
   defining Unicode char U+00C6 (decimal 198)
   defining Unicode char U+00D8 (decimal 216)
   defining Unicode char U+00DF (decimal 223)
   defining Unicode char U+00E6 (decimal 230)
   defining Unicode char U+00EC (decimal 236)
   defining Unicode char U+00ED (decimal 237)
   defining Unicode char U+00EE (decimal 238)
   defining Unicode char U+00EF (decimal 239)
   defining Unicode char U+00F8 (decimal 248)
   defining Unicode char U+0131 (decimal 305)
   defining Unicode char U+0141 (decimal 321)
   defining Unicode char U+0142 (decimal 322)
   defining Unicode char U+0152 (decimal 338)
   defining Unicode char U+0153 (decimal 339)
   defining Unicode char U+2013 (decimal 8211)
   defining Unicode char U+2014 (decimal 8212)
   defining Unicode char U+2018 (decimal 8216)
   defining Unicode char U+2019 (decimal 8217)
   defining Unicode char U+201C (decimal 8220)
   defining Unicode char U+201D (decimal 8221)
)
Now handling font encoding OMS ...
... processing UTF-8 mapping file for font encoding OMS

(/usr/share/texmf-tetex/tex/latex/base/omsenc.dfu
File: omsenc.dfu 2004/02/09 v1.1b UTF-8 support for inputenc
   defining Unicode char U+00A7 (decimal 167)
   defining Unicode char U+00B6 (decimal 182)
   defining Unicode char U+02D9 (decimal 729)
   defining Unicode char U+2020 (decimal 8224)
   defining Unicode char U+2021 (decimal 8225)
   defining Unicode char U+2022 (decimal 8226)
)
Now handling font encoding OMX ...
... no UTF-8 mapping file for font encoding OMX
Now handling font encoding U ...
... no UTF-8 mapping file for font encoding U
   defining Unicode char U+00A9 (decimal 169)
   defining Unicode char U+00AA (decimal 170)
   defining Unicode char U+00AE (decimal 174)
   defining Unicode char U+00BA (decimal 186)
   defining Unicode char U+02C6 (decimal 710)
   defining Unicode char U+02CA (decimal 714)
   defining Unicode char U+200C (decimal 8204)
   defining Unicode char U+2026 (decimal 8230)
   defining Unicode char U+2122 (decimal 8482)
   defining Unicode char U+2423 (decimal 9251)
))
(/usr/share/texmf-tetex/tex/generic/babel/babel.sty
Package: babel 2004/11/20 v3.8d The Babel package

(/usr/share/texmf-tetex/tex/generic/babel/portuges.ldf
Language: portuges 2004/02/19 v1.2p Portuguese support from the babel system

(/usr/share/texmf-tetex/tex/generic/babel/babel.def
File: babel.def 2004/11/20 v3.8d Babel common definitions
\babel@savecnt=\count88
\U@D=\dimen103
)
\l@brazil = a dialect from \language\l@portuges 
Package babel Info: Making " an active character on input line 145.
))
(/usr/share/texmf-tetex/tex/latex/psnfss/bookman.sty
Package: bookman 2004/09/15 PSNFSS-v9.2 (SPQR) 
)
(/usr/share/texmf-tetex/tex/latex/ulem/ulem.sty
\UL@box=\box26
\UL@hyphenbox=\box27
\UL@skip=\skip43
\UL@hook=\toks14
\UL@pe=\count89
\UL@pixel=\dimen104
\ULC@box=\box28
Package: ulem 2000/05/26
\ULdepth=\dimen105
)
(/usr/share/texmf-tetex/tex/latex/amsfonts/amssymb.sty
Package: amssymb 2002/01/22 v2.2d

(/usr/share/texmf-tetex/tex/latex/amsfonts/amsfonts.sty
Package: amsfonts 2001/10/25 v2.2f
\@emptytoks=\toks15
\symAMSa=\mathgroup4
\symAMSb=\mathgroup5
LaTeX Font Info:    Overwriting math alphabet `\mathfrak' in version `bold'
(Font)                  U/euf/m/n --> U/euf/b/n on input line 132.
))
(/usr/share/texmf-tetex/tex/latex/amscls/amsthm.sty
Package: amsthm 2004/08/06 v2.20
\thm@style=\toks16
\thm@bodyfont=\toks17
\thm@headfont=\toks18
\thm@notefont=\toks19
\thm@headpunct=\toks20
\thm@preskip=\skip44
\thm@postskip=\skip45
\thm@headsep=\skip46
\dth@everypar=\toks21
)
(/usr/share/texmf-tetex/tex/latex/amsmath/amsmath.sty
Package: amsmath 2000/07/18 v2.13 AMS math features
\@mathmargin=\skip47

For additional information on amsmath, use the `?' option.
(/usr/share/texmf-tetex/tex/latex/amsmath/amstext.sty
Package: amstext 2000/06/29 v2.01

(/usr/share/texmf-tetex/tex/latex/amsmath/amsgen.sty
File: amsgen.sty 1999/11/30 v2.0
\@emptytoks=\toks22
\ex@=\dimen106
))
(/usr/share/texmf-tetex/tex/latex/amsmath/amsbsy.sty
Package: amsbsy 1999/11/29 v1.2d
\pmbraise@=\dimen107
)
(/usr/share/texmf-tetex/tex/latex/amsmath/amsopn.sty
Package: amsopn 1999/12/14 v2.01 operator names
)
\inf@bad=\count90
LaTeX Info: Redefining \frac on input line 211.
\uproot@=\count91
\leftroot@=\count92
LaTeX Info: Redefining \overline on input line 307.
\classnum@=\count93
\DOTSCASE@=\count94
LaTeX Info: Redefining \ldots on input line 379.
LaTeX Info: Redefining \dots on input line 382.
LaTeX Info: Redefining \cdots on input line 467.
\Mathstrutbox@=\box29
\strutbox@=\box30
\big@size=\dimen108
LaTeX Font Info:    Redeclaring font encoding OML on input line 567.
LaTeX Font Info:    Redeclaring font encoding OMS on input line 568.
\macc@depth=\count95
\c@MaxMatrixCols=\count96
\dotsspace@=\muskip10
\c@parentequation=\count97
\dspbrk@lvl=\count98
\tag@help=\toks23
\row@=\count99
\column@=\count100
\maxfields@=\count101
\andhelp@=\toks24
\eqnshift@=\dimen109
\alignsep@=\dimen110
\tagshift@=\dimen111
\tagwidth@=\dimen112
\totwidth@=\dimen113
\lineht@=\dimen114
\@envbody=\toks25
\multlinegap=\skip48
\multlinetaggap=\skip49
\mathdisplay@stack=\toks26
LaTeX Info: Redefining \[ on input line 2666.
LaTeX Info: Redefining \] on input line 2667.
)
(/usr/share/texmf-tetex/tex/latex/jknappen/mathrsfs.sty
Package: mathrsfs 1996/01/01 Math RSFS package v1.0 (jk)
\symrsfs=\mathgroup6
)
(/usr/share/texmf-tetex/tex/latex/hyperref/hyperref.sty
Package: hyperref 2003/11/30 v6.74m Hypertext links for LaTeX

(/usr/share/texmf-tetex/tex/latex/graphics/keyval.sty
Package: keyval 1999/03/16 v1.13 key=value parser (DPC)
\KV@toks@=\toks27
)
\@linkdim=\dimen115
\Hy@linkcounter=\count102
\Hy@pagecounter=\count103

(/usr/share/texmf-tetex/tex/latex/hyperref/pd1enc.def
File: pd1enc.def 2003/11/30 v6.74m Hyperref: PDFDocEncoding definition (HO)
Now handling font encoding PD1 ...
... no UTF-8 mapping file for font encoding PD1
)
(/usr/share/texmf-tetex/tex/latex/hyperref/hyperref.cfg
File: hyperref.cfg 2002/06/06 v1.2 hyperref configuration of TeXLive and teTeX
)
Package hyperref Info: Hyper figures OFF on input line 1880.
Package hyperref Info: Link nesting OFF on input line 1885.
Package hyperref Info: Hyper index ON on input line 1888.
Package hyperref Info: Plain pages ON on input line 1893.
Package hyperref Info: Backreferencing OFF on input line 1900.

Implicit mode ON; LaTeX internals redefined
Package hyperref Info: Bookmarks ON on input line 2004.
(/usr/share/texmf-tetex/tex/latex/url/url.sty
\Urlmuskip=\muskip11
Package: url 2004/03/15  ver 3.1  Verb mode for urls, etc.
)
LaTeX Info: Redefining \url on input line 2143.
\Fld@menulength=\count104
\Field@Width=\dimen116
\Fld@charsize=\dimen117
\Choice@toks=\toks28
\Field@toks=\toks29
Package hyperref Info: Hyper figures OFF on input line 2618.
Package hyperref Info: Link nesting OFF on input line 2623.
Package hyperref Info: Hyper index ON on input line 2626.
Package hyperref Info: backreferencing OFF on input line 2633.
Package hyperref Info: Link coloring OFF on input line 2638.
\c@Item=\count105
\c@Hfootnote=\count106
)
*hyperref using default driver hdvips*
(/usr/share/texmf-tetex/tex/latex/hyperref/hdvips.def
File: hdvips.def 2003/11/30 v6.74m Hyperref driver for dvips

(/usr/share/texmf-tetex/tex/latex/hyperref/pdfmark.def
File: pdfmark.def 2003/11/30 v6.74m Hyperref definitions for pdfmark specials
\pdf@docset=\toks30
\pdf@box=\box31
\pdf@toks=\toks31
\pdf@defaulttoks=\toks32
\Fld@listcount=\count107
\@outlinefile=\write3
))
(/usr/share/texmf-tetex/tex/latex/tools/xspace.sty
Package: xspace 1997/10/13 v1.06 Space after command names (DPC)
)
(/usr/share/texmf-tetex/tex/latex/tools/enumerate.sty
Package: enumerate 1999/03/05 v3.00 enumerate extensions (DPC)
\@enLab=\toks33
)
(/usr/share/texmf-tetex/tex/latex/base/makeidx.sty
Package: makeidx 2000/03/29 v1.0m Standard LaTeX package
)
(/usr/share/texmf-tetex/tex/latex/tools/calc.sty
Package: calc 1998/07/07 v4.1b Infix arithmetic (KKT,FJ)
\calc@Acount=\count108
\calc@Bcount=\count109
\calc@Adimen=\dimen118
\calc@Bdimen=\dimen119
\calc@Askip=\skip50
\calc@Bskip=\skip51
LaTeX Info: Redefining \setlength on input line 59.
LaTeX Info: Redefining \addtolength on input line 60.
\calc@denominator=\count110
)
(/usr/share/texmf-tetex/tex/latex/base/ifthen.sty
Package: ifthen 2001/05/26 v1.1c Standard LaTeX ifthen package (DPC)
)
\c@Axi=\count111
\c@Teo=\count112
\c@Def=\count113
\c@Exe=\count114
)
\@indexfile=\write4
\openout4 = `tg.idx'.


Writing index file tg.idx
(./tg.aux)
\openout1 = `tg.aux'.

LaTeX Font Info:    Checking defaults for OML/cmm/m/it on input line 14.
LaTeX Font Info:    ... okay on input line 14.
LaTeX Font Info:    Checking defaults for T1/cmr/m/n on input line 14.
LaTeX Font Info:    ... okay on input line 14.
LaTeX Font Info:    Checking defaults for OT1/cmr/m/n on input line 14.
LaTeX Font Info:    ... okay on input line 14.
LaTeX Font Info:    Checking defaults for OMS/cmsy/m/n on input line 14.
LaTeX Font Info:    ... okay on input line 14.
LaTeX Font Info:    Checking defaults for OMX/cmex/m/n on input line 14.
LaTeX Font Info:    ... okay on input line 14.
LaTeX Font Info:    Checking defaults for U/cmr/m/n on input line 14.
LaTeX Font Info:    ... okay on input line 14.
LaTeX Font Info:    Checking defaults for PD1/pdf/m/n on input line 14.
LaTeX Font Info:    ... okay on input line 14.
LaTeX Font Info:    Try loading font information for OT1+pbk on input line 14.
 (/usr/share/texmf-tetex/tex/latex/psnfss/ot1pbk.fd
File: ot1pbk.fd 2001/06/04 font definitions for OT1/pbk.
)
LaTeX Font Info:    Font shape `OT1/pbk/m/n' in size <10> not available
(Font)              Font shape `OT1/pbk/l/n' tried instead on input line 14.
Package hyperref Info: Link coloring OFF on input line 14.

(/usr/share/texmf-tetex/tex/latex/hyperref/nameref.sty
Package: nameref 2003/12/03 v2.21 Cross-referencing by name of section
\c@section@level=\count115
)
LaTeX Info: Redefining \ref on input line 14.
LaTeX Info: Redefining \pageref on input line 14.
 (./tg.out) (./tg.out)
\openout3 = `tg.out'.


(./Sources/Miscellaneous/folhadeaprovacao.tex
LaTeX Font Info:    Font shape `OT1/pbk/m/n' in size <24.88> not available
(Font)              Font shape `OT1/pbk/l/n' tried instead on input line 6.
LaTeX Font Info:    Font shape `OT1/pbk/bx/n' in size <24.88> not available
(Font)              Font shape `OT1/pbk/b/n' tried instead on input line 6.
LaTeX Font Info:    Font shape `OT1/pbk/b/n' in size <24.88> not available
(Font)              Font shape `OT1/pbk/db/n' tried instead on input line 6.
LaTeX Font Info:    Font shape `OT1/pbk/m/sl' in size <10> not available
(Font)              Font shape `OT1/pbk/l/sl' tried instead on input line 10.
)
(./Sources/Miscellaneous/resumo.tex [1



] [2

]
LaTeX Font Info:    Try loading font information for U+msa on input line 24.

(/usr/share/texmf-tetex/tex/latex/amsfonts/umsa.fd
File: umsa.fd 2002/01/19 v2.2g AMS font definitions
)
LaTeX Font Info:    Try loading font information for U+msb on input line 24.

(/usr/share/texmf-tetex/tex/latex/amsfonts/umsb.fd
File: umsb.fd 2002/01/19 v2.2g AMS font definitions
)
LaTeX Font Info:    Try loading font information for U+rsfs on input line 24.

(/usr/share/texmf-tetex/tex/latex/jknappen/ursfs.fd
File: ursfs.fd 1998/03/24 rsfs font definition file (jk)
))
(./Sources/Miscellaneous/abstract.tex [3] [4

]) [5] [6

] (./tg.toc
LaTeX Font Info:    Font shape `OT1/pbk/bx/n' in size <10> not available
(Font)              Font shape `OT1/pbk/b/n' tried instead on input line 2.
LaTeX Font Info:    Font shape `OT1/pbk/b/n' in size <10> not available
(Font)              Font shape `OT1/pbk/db/n' tried instead on input line 2.
)
\tf@toc=\write5
\openout5 = `tg.toc'.

 [7] [8]
(./tg.los
Overfull \hbox (7.66656pt too wide) in paragraph at lines 20--21
[][]$ $\OT1/pbk/l/n/10 p.25 
 []


Overfull \hbox (12.6437pt too wide) in paragraph at lines 34--35
[][]$ $\OT1/pbk/l/n/10 p.34 
 []


Overfull \hbox (11.37396pt too wide) in paragraph at lines 37--38
[][]$ $\OT1/pbk/l/n/10 p.36 
 []

[9

])
\tf@los=\write6
\openout6 = `tg.los'.

 [10] (./Sources/Chapters/introducao.tex
Cap\'{\i }tulo 1.
LaTeX Font Info:    Font shape `OT1/pbk/m/n' in size <20.74> not available
(Font)              Font shape `OT1/pbk/l/n' tried instead on input line 6.
LaTeX Font Info:    Font shape `OT1/pbk/bx/n' in size <20.74> not available
(Font)              Font shape `OT1/pbk/b/n' tried instead on input line 6.
LaTeX Font Info:    Font shape `OT1/pbk/b/n' in size <20.74> not available
(Font)              Font shape `OT1/pbk/db/n' tried instead on input line 6.
LaTeX Font Info:    Font shape `OT1/pbk/m/it' in size <10> not available
(Font)              Font shape `OT1/pbk/l/it' tried instead on input line 80.
[1


]
Underfull \vbox (badness 1102) has occurred while \output is active []

 [2])
(./Sources/Chapters/fund.tex [3] [4

]
Cap\'{\i }tulo 2.
LaTeX Font Info:    Font shape `OT1/pbk/m/n' in size <14.4> not available
(Font)              Font shape `OT1/pbk/l/n' tried instead on input line 28.
LaTeX Font Info:    Font shape `OT1/pbk/bx/n' in size <14.4> not available
(Font)              Font shape `OT1/pbk/b/n' tried instead on input line 28.
LaTeX Font Info:    Font shape `OT1/pbk/b/n' in size <14.4> not available
(Font)              Font shape `OT1/pbk/db/n' tried instead on input line 28.
LaTeX Font Info:    Font shape `OT1/pbk/bx/sc' in size <10> not available
(Font)              Font shape `OT1/pbk/b/sc' tried instead on input line 42.
LaTeX Font Info:    Font shape `OT1/pbk/b/sc' in size <10> not available
(Font)              Font shape `OT1/pbk/db/sc' tried instead on input line 42.
LaTeX Font Info:    Font shape `OT1/pbk/m/n' in size <8> not available
(Font)              Font shape `OT1/pbk/l/n' tried instead on input line 45.
[5]

LaTeX Warning: Marginpar on page 6 moved.

Package hyperref Info: bookmark level for unknown simbolo defaults to 0 on inpu
t line 80.

LaTeX Warning: Marginpar on page 6 moved.


LaTeX Warning: Marginpar on page 6 moved.


LaTeX Warning: Marginpar on page 6 moved.

[6]
LaTeX Font Info:    Font shape `OT1/pbk/m/sc' in size <10> not available
(Font)              Font shape `OT1/pbk/l/sc' tried instead on input line 169.


LaTeX Warning: Marginpar on page 7 moved.

LaTeX Font Info:    Font shape `OT1/pbk/m/sl' in size <7> not available
(Font)              Font shape `OT1/pbk/l/sl' tried instead on input line 242.
LaTeX Font Info:    Font shape `OT1/pbk/m/sl' in size <5> not available
(Font)              Font shape `OT1/pbk/l/sl' tried instead on input line 242.
[7]
LaTeX Font Info:    Font shape `OT1/pbk/m/n' in size <7> not available
(Font)              Font shape `OT1/pbk/l/n' tried instead on input line 324.
LaTeX Font Info:    Font shape `OT1/pbk/m/n' in size <5> not available
(Font)              Font shape `OT1/pbk/l/n' tried instead on input line 324.
 [8] [9] [10]
Overfull \hbox (9.85352pt too wide) in paragraph at lines 538--543
\OT1/pbk/db/sc/10 Defini[][]ao \OT1/pbk/db/n/10 2.12\OT1/pbk/db/sc/10 . \OT1/pb
k/l/n/10 Di-ze-mos que um po-lin[]omio $\OML/cmm/m/it/10 f[]$ \OT1/pbk/l/n/10 d
e um anel de po-lin[]omios $\OT1/cmr/m/n/10 (\OML/cmm/m/it/10 R\OT1/cmr/m/n/10 
[\OML/cmm/m/it/10 x\OT1/cmr/m/n/10 ]\OML/cmm/m/it/10 ; \OT1/cmr/m/n/10 +\OML/cm
m/m/it/10 ; \OMS/cmsy/m/n/10 ^^A\OT1/cmr/m/n/10 )$
 []


LaTeX Warning: Marginpar on page 11 moved.


LaTeX Warning: Marginpar on page 11 moved.


LaTeX Warning: Marginpar on page 11 moved.

[11]

LaTeX Warning: Marginpar on page 12 moved.

[12]
LaTeX Font Info:    Font shape `OT1/pbk/m/n' in size <6> not available
(Font)              Font shape `OT1/pbk/l/n' tried instead on input line 734.
LaTeX Font Info:    Font shape `OT1/pbk/m/it' in size <8> not available
(Font)              Font shape `OT1/pbk/l/it' tried instead on input line 734.
 [13]
Overfull \hbox (0.31573pt too wide) in paragraph at lines 792--799
[]\OT1/pbk/l/n/10 Notemos pri-mei-ra-mente que, to-mando uma raiz $\OML/cmm/m/i
t/10 $ \OT1/pbk/l/n/10 de $\OML/cmm/m/it/10 f$ \OT1/pbk/l/n/10 no corpo
 []

[14]) (./Sources/Chapters/alg.tex [15] [16

]
Cap\'{\i }tulo 3.
LaTeX Font Info:    Try loading font information for OT1+pcr on input line 25.
(/usr/share/texmf-tetex/tex/latex/psnfss/ot1pcr.fd
File: ot1pcr.fd 2001/06/04 font definitions for OT1/pcr.
)
Underfull \hbox (badness 10000) in paragraph at lines 15--52

 []


Underfull \hbox (badness 10000) in paragraph at lines 15--52

 []


Underfull \hbox (badness 10000) in paragraph at lines 15--52

 []


Underfull \hbox (badness 10000) in paragraph at lines 15--52

 []


Overfull \hbox (10.14433pt too wide) in paragraph at lines 70--79
\OT1/pbk/l/n/10 lin[]omios de grau $\OML/cmm/m/it/10 n$ \OT1/pbk/l/n/10 so-bre 
cor-pos fi-ni-tos pode ser feita em $\OML/cmm/m/it/10 O\OT1/cmr/m/n/10 (\OML/cm
m/m/it/10 n [] n [] []\OT1/cmr/m/n/10 )$ \OT1/pbk/l/n/10 opera[][]oes
 []

[17]) (./Sources/Chapters/conclusao.tex [18]
Cap\'{\i }tulo 4.
) (./Sources/Appendixes/estralg.tex [19

] [20

]
Ap\^endice A.
LaTeX Font Info:    Font shape `OT1/pbk/m/n' in size <12> not available
(Font)              Font shape `OT1/pbk/l/n' tried instead on input line 10.
LaTeX Font Info:    Font shape `OT1/pbk/bx/n' in size <12> not available
(Font)              Font shape `OT1/pbk/b/n' tried instead on input line 10.
LaTeX Font Info:    Font shape `OT1/pbk/b/n' in size <12> not available
(Font)              Font shape `OT1/pbk/db/n' tried instead on input line 10.

Overfull \hbox (2.4917pt too wide) in paragraph at lines 13--17
\OT1/pbk/db/sc/10 Defini[][]ao \OT1/pbk/db/n/10 A.1\OT1/pbk/db/sc/10 . \OT1/pbk
/l/n/10 Sendo $\OML/cmm/m/it/10 A$ \OT1/pbk/l/n/10 um con-junto qual-quer, o | 
  []   |   [][][], ou |   []
 []


LaTeX Warning: Marginpar on page 21 moved.


Overfull \hbox (1.19513pt too wide) in paragraph at lines 52--56
\OT1/pbk/db/sc/10 Nomenclatura \OT1/pbk/db/n/10 A.5\OT1/pbk/db/sc/10 . \OT1/pbk
/l/n/10 Di-ze-mos que uma rela[][]ao $\OMS/cmsy/m/n/10 ^^X$ \OT1/pbk/l/n/10 so-
bre um con-junto $\OML/cmm/m/it/10 A$ []\OT1/pbk/l/n/10 e |   [][][]
 []


Overfull \hbox (5.52507pt too wide) in paragraph at lines 59--63
\OT1/pbk/db/sc/10 Nomenclatura \OT1/pbk/db/n/10 A.6\OT1/pbk/db/sc/10 . \OT1/pbk
/l/n/10 Di-ze-mos que uma rela[][]ao $\OMS/cmsy/m/n/10 ^^X$ \OT1/pbk/l/n/10 so-
bre um con-junto $\OML/cmm/m/it/10 A$ []\OT1/pbk/l/n/10 e |   [][][]
 []


Overfull \hbox (7.12508pt too wide) in paragraph at lines 66--70
\OT1/pbk/db/sc/10 Nomenclatura \OT1/pbk/db/n/10 A.7\OT1/pbk/db/sc/10 . \OT1/pbk
/l/n/10 Di-ze-mos que uma rela[][]ao $\OMS/cmsy/m/n/10 ^^X$ \OT1/pbk/l/n/10 so-
bre um con-junto $\OML/cmm/m/it/10 A$ []\OT1/pbk/l/n/10 e |   [][][]
 []

[21]
Overfull \hbox (1.65706pt too wide) in paragraph at lines 112--116
\OT1/pbk/db/sc/10 Teorema \OT1/pbk/db/n/10 A.1\OT1/pbk/db/sc/10 . \OT1/pbk/l/sl
/10 O con-junto quo-ci-ente de um con-junto n[]ao va-zio $\OML/cmm/m/it/10 A$ \
OT1/pbk/l/sl/10 por uma rela[][]ao
 []

[22]

LaTeX Warning: Marginpar on page 23 moved.


LaTeX Warning: Marginpar on page 23 moved.

[23] [24] [25]

LaTeX Warning: Marginpar on page 26 moved.


LaTeX Warning: Marginpar on page 26 moved.


LaTeX Warning: Marginpar on page 26 moved.


LaTeX Warning: Marginpar on page 26 moved.


LaTeX Warning: Marginpar on page 26 moved.


LaTeX Warning: Marginpar on page 26 moved.


LaTeX Warning: Marginpar on page 26 moved.


LaTeX Warning: Marginpar on page 26 moved.


LaTeX Warning: Marginpar on page 26 moved.


LaTeX Warning: Marginpar on page 26 moved.


LaTeX Warning: Marginpar on page 26 moved.


LaTeX Warning: Marginpar on page 26 moved.

[26]
Overfull \hbox (0.4899pt too wide) in paragraph at lines 650--654
[]\OT1/pbk/l/n/10 Uma vez que de-fi-ni-mos o con-ceito de ``ele-mento neu-tro''
, es-ta-mos em condi[][]oes
 []

[27] [28] [29] [30] [31]

LaTeX Warning: Marginpar on page 32 moved.

[32] [33] [34] [35]

LaTeX Warning: Marginpar on page 36 moved.


LaTeX Warning: Marginpar on page 36 moved.


LaTeX Warning: Marginpar on page 36 moved.

[36] [37] [38] [39] [40]
Overfull \hbox (5.43092pt too wide) in paragraph at lines 1891--1894
\OT1/pbk/db/sc/10 Observa[][]ao \OT1/pbk/db/n/10 A.54\OT1/pbk/db/sc/10 . \OT1/p
bk/l/n/10 No-te-mos que, por causa da no-men-cla-tura [][][][], uma defini[][]a
o
 []

[41]
Overfull \hbox (6.05066pt too wide) in paragraph at lines 1900--1903
\OT1/pbk/db/sc/10 Lema \OT1/pbk/db/n/10 A.41\OT1/pbk/db/sc/10 . \OT1/pbk/l/sl/1
0 A opera[][]ao $\OMS/cmsy/m/n/10 ^^C$\OT1/pbk/l/sl/10 , como con-ven-ci-o-na-m
os na nota[][]ao [][][][], []e uma opera[][]ao
 []

[42]
Overfull \hbox (6.41396pt too wide) in paragraph at lines 2057--2061
\OT1/pbk/l/n/10 tamb[]em nos leva a con-cluir que $[] \OT1/cmr/m/n/10 = \OML/cm
m/m/it/10 r \OMS/cmsy/m/n/10 ^^A []$\OT1/pbk/l/n/10 , e, as-sim, en-cer-ra-mos 
nossa demonstra[][]ao.
 []

[43] [44]

LaTeX Warning: Marginpar on page 45 moved.

[45]

LaTeX Warning: Marginpar on page 46 moved.


LaTeX Warning: Marginpar on page 46 moved.

[46] [47]

LaTeX Warning: Marginpar on page 48 moved.


Overfull \hbox (0.6385pt too wide) in paragraph at lines 2525--2528
\OT1/pbk/db/sc/10 Nomenclatura \OT1/pbk/db/n/10 A.70\OT1/pbk/db/sc/10 . \OT1/pb
k/l/n/10 Di-ze-mos que um corpo $\OT1/cmr/m/n/10 (\OML/cmm/m/it/10 F; \OT1/cmr/
m/n/10 +\OML/cmm/m/it/10 ; \OMS/cmsy/m/n/10 ^^A\OT1/cmr/m/n/10 )$ []\OT1/pbk/l/
n/10 e |   [][][] quando e s[]o quando
 []


LaTeX Warning: Marginpar on page 48 moved.

[48] [49] [50]

LaTeX Warning: Marginpar on page 51 moved.


LaTeX Warning: Marginpar on page 51 moved.

[51]
Overfull \hbox (4.86905pt too wide) in paragraph at lines 2895--2902
\OT1/pbk/db/sc/10 Teorema \OT1/pbk/db/n/10 A.60\OT1/pbk/db/sc/10 . \OT1/pbk/l/s
l/10 Sendo $\OML/cmm/m/it/10 J$ \OT1/pbk/l/sl/10 um ideal so-bre um anel co-mu-
ta-tivo $\OT1/cmr/m/n/10 (\OML/cmm/m/it/10 R; \OT1/cmr/m/n/10 +\OML/cmm/m/it/10
 ; \OMS/cmsy/m/n/10 ^^A\OT1/cmr/m/n/10 )$\OT1/pbk/l/sl/10 , as opera[][]oes
 []

[52]

LaTeX Warning: Marginpar on page 53 moved.


LaTeX Warning: Marginpar on page 53 moved.


Overfull \hbox (0.53427pt too wide) in paragraph at lines 2967--2971
[]\OT1/pbk/l/n/10 Do te-o-rema [][][][] e da observa[][]ao [][][][], sa-be-mos 
que $\OT1/cmr/m/n/10 ([][][]\OML/cmm/m/it/10 ; \OT1/cmr/m/n/10 +\OML/cmm/m/it/1
0 ; \OMS/cmsy/m/n/10 ^^A\OT1/cmr/m/n/10 )$
 []

[53]

LaTeX Warning: Marginpar on page 54 moved.


Overfull \hbox (6.576pt too wide) in paragraph at lines 3004--3006
[]\OT1/pbk/l/n/10 A pre-sente demonstra[][]ao se-gue ime-di-a-ta-mente do te-o-
rema [][][][].
 []


Overfull \hbox (3.45494pt too wide) in paragraph at lines 3014--3018
[]\OT1/pbk/l/n/10 Do te-o-rema [][][][], se-gue que $\OT1/cmr/m/n/10 (\U/msb/m/
n/10 F[]\OML/cmm/m/it/10 ; \OT1/cmr/m/n/10 +\OML/cmm/m/it/10 ; \OMS/cmsy/m/n/10
 ^^A\OT1/cmr/m/n/10 )$ \OT1/pbk/l/n/10 pos-sui ca-rac-ter[]^^Pstica prima
 []

[54]

LaTeX Warning: Marginpar on page 55 moved.


LaTeX Warning: Marginpar on page 55 moved.

[55]

LaTeX Warning: Marginpar on page 56 moved.


LaTeX Warning: Marginpar on page 56 moved.


LaTeX Warning: Marginpar on page 56 moved.


LaTeX Warning: Marginpar on page 56 moved.

[56] [57]
Overfull \hbox (11.7673pt too wide) in paragraph at lines 3402--3411
\OT1/pbk/db/sc/10 Observa[][]ao \OT1/pbk/db/n/10 A.94\OT1/pbk/db/sc/10 . \OT1/p
bk/l/n/10 Po-de-mos es-ten-der a defini[][]ao de corpo de Ga-lois para pot[]enc
ias
 []


LaTeX Warning: Marginpar on page 58 moved.

) (./tg.bbl [58]) (./tg.ind [59

]
Overfull \hbox (13.10875pt too wide) in paragraph at lines 52--54
[]\OT1/pbk/l/n/10 correspond[]encia biun[]^^Pvoca en-tre dois con-
 []


Overfull \hbox (3.60863pt too wide) in paragraph at lines 87--89
[]\OT1/pbk/l/n/10 espa[]o ve-to-rial ge-rado por um sub-corpo,
 []

[60

]
Overfull \hbox (7.78838pt too wide) in paragraph at lines 177--179
[]\OT1/pbk/l/n/10 representa[][]ao de um ve-tor por uma base,
 []

[61]) (./tg.aux) ) 
Here is how much of TeX's memory you used:
 4108 strings out of 94501
 51253 string characters out of 1175812
 124585 words of memory out of 1000000
 7157 multiletter control sequences out of 10000+50000
 21589 words of font info for 71 fonts, out of 500000 for 2000
 580 hyphenation exceptions out of 8191
 34i,19n,38p,465b,404s stack positions out of 1500i,500n,5000p,200000b,5000s

Output written on tg.dvi (71 pages, 444628 bytes).
