This is pdfTeXk, Version 3.141592-1.40.3 (Web2C 7.5.6) (format=pdflatex 2009.10.30)  4 JAN 2010 17:31
entering extended mode
 %&-line parsing enabled.
**mono.tex
(./mono.tex
LaTeX2e <2005/12/01>
Babel <v3.8h> and hyphenation patterns for english, usenglishmax, dumylang, noh
yphenation, loaded.
(/usr/share/texmf-texlive/tex/latex/koma-script/scrreprt.cls
Document Class: scrreprt 2006/07/30 v2.95b KOMA-Script document class (report)
(/usr/share/texmf-texlive/tex/latex/koma-script/scrkbase.sty
Package: scrkbase 2006/07/30 v2.95b KOMA-Script package (basics and keyval use)


(/usr/share/texmf-texlive/tex/latex/koma-script/scrlfile.sty
Package: scrlfile 2006/03/28 v2.95 KOMA-Script package (loading files)

Package scrlfile, 2006/03/28 v2.95 KOMA-Script package (loading files)
                  Copyright (C) Markus Kohm

) (/usr/share/texmf-texlive/tex/latex/graphics/keyval.sty
Package: keyval 1999/03/16 v1.13 key=value parser (DPC)
\KV@toks@=\toks14
))
Package scrkbase Info: You've used the obsolete option `oneside'.
(scrkbase)             \KOMAoptions{twoside=false} will be used instead.
(scrkbase)             You should do this change too on input line 631.
Package scrkbase Info: You've used the obsolete option `12pt'.
(scrkbase)             \KOMAoptions{fontsize=12pt} will be used instead.
(scrkbase)             You should do this change too on input line 631.

(/usr/share/texmf-texlive/tex/latex/base/size12.clo
File: size12.clo 2005/09/16 v1.4f Standard LaTeX file (size option)
)
(/usr/share/texmf-texlive/tex/latex/koma-script/typearea.sty
Package: typearea 2006/07/30 v2.95b KOMA-Script package (type area)

Package typearea, 2006/07/30 v2.95b KOMA-Script package (type area)
                  Copyright (C) Frank Neukam, 1992-1994
                  Copyright (C) Markus Kohm, 1994-2002

\ta@bcor=\skip41
\ta@div=\count79
Package scrkbase Info: You've used the obsolete option `a4paper'.
(scrkbase)             \KOMAoptions{paper=a4} will be used instead.
(scrkbase)             You should do this change too on input line 419.
\ta@hblk=\skip42
\ta@vblk=\skip43
\ta@temp=\skip44
Package typearea Info: These are the values describing the layout:
(typearea)             DIV  = 12
(typearea)             BCOR = 0.0pt
(typearea)             \paperwidth      = 597.50793pt
(typearea)              \textwidth      = 448.13095pt
(typearea)              DIV-departure   = -6/100
(typearea)              \evensidemargin = 2.4185pt
(typearea)              \oddsidemargin  = 2.4185pt
(typearea)             \paperheight     = 845.04694pt
(typearea)              \textheight     = 635.5pt
(typearea)              \topmargin      = -41.72441pt
(typearea)              \headheight     = 18.125pt
(typearea)              \headsep        = 21.75pt
(typearea)              \topskip        = 12.0pt
(typearea)              \footskip       = 50.75pt
(typearea)              \baselineskip   = 14.5pt
(typearea)              on input line 832.
)
\c@part=\count80
\c@chapter=\count81
\c@section=\count82
\c@subsection=\count83
\c@subsubsection=\count84
\c@paragraph=\count85
\c@subparagraph=\count86
\abovecaptionskip=\skip45
\belowcaptionskip=\skip46
\c@pti@nb@sid@b@x=\box26
\c@figure=\count87
\c@table=\count88
\bibindent=\dimen102
) (./preamble.tex (/usr/share/texmf-texlive/tex/latex/base/inputenc.sty
Package: inputenc 2006/05/05 v1.1b Input encoding file
\inpenc@prehook=\toks15
\inpenc@posthook=\toks16

(/usr/share/texmf-texlive/tex/latex/base/latin1.def
File: latin1.def 2006/05/05 v1.1b Input encoding file
))
(/usr/share/texmf-texlive/tex/latex/base/fontenc.sty
Package: fontenc 2005/09/27 v1.99g Standard LaTeX package

(/usr/share/texmf-texlive/tex/latex/base/t1enc.def
File: t1enc.def 2005/09/27 v1.99g Standard LaTeX file
LaTeX Font Info:    Redeclaring font encoding T1 on input line 43.
))
(/usr/share/texmf-texlive/tex/latex/base/makeidx.sty
Package: makeidx 2000/03/29 v1.0m Standard LaTeX package
) (./enumitem.sty
Package: enumitem 2004/07/19 v1.0 Customized lists
\labelindent=\skip47
\enit@outerparindent=\dimen103
)
(/usr/share/texmf-texlive/tex/latex/pslatex/pslatex.sty
Package: pslatex 1996/07/24 v1.2 pslatex emulation (DPC)
LaTeX Font Info:    Redeclaring symbol font `operators' on input line 65.
LaTeX Font Info:    Overwriting symbol font `operators' in version `normal'
(Font)                  OT1/cmr/m/n --> OT1/ptmcm/m/n on input line 65.
LaTeX Font Info:    Overwriting symbol font `operators' in version `bold'
(Font)                  OT1/cmr/bx/n --> OT1/ptmcm/m/n on input line 65.
LaTeX Font Info:    Redeclaring symbol font `letters' on input line 66.
LaTeX Font Info:    Overwriting symbol font `letters' in version `normal'
(Font)                  OML/cmm/m/it --> OML/ptmcm/m/it on input line 66.
LaTeX Font Info:    Overwriting symbol font `letters' in version `bold'
(Font)                  OML/cmm/b/it --> OML/ptmcm/m/it on input line 66.
LaTeX Font Info:    Redeclaring symbol font `symbols' on input line 67.
LaTeX Font Info:    Overwriting symbol font `symbols' in version `normal'
(Font)                  OMS/cmsy/m/n --> OMS/pzccm/m/n on input line 67.
LaTeX Font Info:    Overwriting symbol font `symbols' in version `bold'
(Font)                  OMS/cmsy/b/n --> OMS/pzccm/m/n on input line 67.
LaTeX Font Info:    Redeclaring symbol font `largesymbols' on input line 68.
LaTeX Font Info:    Overwriting symbol font `largesymbols' in version `normal'
(Font)                  OMX/cmex/m/n --> OMX/psycm/m/n on input line 68.
LaTeX Font Info:    Overwriting symbol font `largesymbols' in version `bold'
(Font)                  OMX/cmex/m/n --> OMX/psycm/m/n on input line 68.
\symbold=\mathgroup4
\symitalic=\mathgroup5
LaTeX Font Info:    Redeclaring math alphabet \mathbf on input line 74.
LaTeX Font Info:    Overwriting math alphabet `\mathbf' in version `normal'
(Font)                  OT1/cmr/bx/n --> OT1/ptm/bx/n on input line 74.
LaTeX Font Info:    Overwriting math alphabet `\mathbf' in version `bold'
(Font)                  OT1/cmr/bx/n --> OT1/ptm/bx/n on input line 74.
LaTeX Font Info:    Redeclaring math alphabet \mathit on input line 75.
LaTeX Font Info:    Overwriting math alphabet `\mathit' in version `normal'
(Font)                  OT1/cmr/m/it --> OT1/ptm/m/it on input line 75.
LaTeX Font Info:    Overwriting math alphabet `\mathit' in version `bold'
(Font)                  OT1/cmr/bx/it --> OT1/ptm/m/it on input line 75.
)
(/usr/share/texmf-texlive/tex/latex/geometry/geometry.sty
Package: geometry 2002/07/08 v3.2 Page Geometry
\Gm@cnth=\count89
\Gm@cntv=\count90
\c@Gm@tempcnt=\count91
\Gm@bindingoffset=\dimen104
\Gm@wd@mp=\dimen105
\Gm@odd@mp=\dimen106
\Gm@even@mp=\dimen107
\Gm@dimlist=\toks17

(/usr/share/texmf-texlive/tex/xelatex/xetexconfig/geometry.cfg))
(/usr/share/texmf-texlive/tex/latex/tools/indentfirst.sty
Package: indentfirst 1995/11/23 v1.03 Indent first paragraph (DPC)
)
(/usr/share/texmf-texlive/tex/latex/setspace/setspace.sty
Package: setspace 2000/12/01 6.7 Contributed and Supported LaTeX2e package

Package: `setspace' 6.7 <2000/12/01>
) (/usr/share/texmf-texlive/tex/latex/tools/calc.sty
Package: calc 2005/08/06 v4.2 Infix arithmetic (KKT,FJ)
\calc@Acount=\count92
\calc@Bcount=\count93
\calc@Adimen=\dimen108
\calc@Bdimen=\dimen109
\calc@Askip=\skip48
\calc@Bskip=\skip49
LaTeX Info: Redefining \setlength on input line 75.
LaTeX Info: Redefining \addtolength on input line 76.
\calc@Ccount=\count94
\calc@Cskip=\skip50
)
(/usr/share/texmf-texlive/tex/latex/fancyhdr/fancyhdr.sty
\fancy@headwidth=\skip51
\f@ncyO@elh=\skip52
\f@ncyO@erh=\skip53
\f@ncyO@olh=\skip54
\f@ncyO@orh=\skip55
\f@ncyO@elf=\skip56
\f@ncyO@erf=\skip57
\f@ncyO@olf=\skip58
\f@ncyO@orf=\skip59
)
(/usr/share/texmf-texlive/tex/latex/natbib/natbib.sty
Package: natbib 2007/02/05 8.0 (PWD)
\bibhang=\skip60
\bibsep=\skip61
LaTeX Info: Redefining \cite on input line 602.
\c@NAT@ctr=\count95
)
(/usr/share/texmf-texlive/tex/latex/amsfonts/amssymb.sty
Package: amssymb 2002/01/22 v2.2d

(/usr/share/texmf-texlive/tex/latex/amsfonts/amsfonts.sty
Package: amsfonts 2001/10/25 v2.2f
\@emptytoks=\toks18
\symAMSa=\mathgroup6
\symAMSb=\mathgroup7
LaTeX Font Info:    Overwriting math alphabet `\mathfrak' in version `bold'
(Font)                  U/euf/m/n --> U/euf/b/n on input line 132.
)) (./footmisc.sty
Package: footmisc 2004/05/02 v5.3c a miscellany of footnote facilities
\FN@temptoken=\toks19
\footnotemargin=\dimen110
\c@pp@next@reset=\count96
Package footmisc Info: Declaring symbol style bringhurst on input line 802.
Package footmisc Info: Declaring symbol style chicago on input line 803.
Package footmisc Info: Declaring symbol style wiley on input line 804.
Package footmisc Info: Declaring symbol style lamport-robust on input line 808.

Package footmisc Info: Declaring symbol style lamport* on input line 816.
Package footmisc Info: Declaring symbol style lamport*-robust on input line 825
.
)
(./mono.aux)
\openout1 = `mono.aux'.

LaTeX Font Info:    Checking defaults for OML/cmm/m/it on input line 207.
LaTeX Font Info:    ... okay on input line 207.
LaTeX Font Info:    Checking defaults for T1/cmr/m/n on input line 207.
LaTeX Font Info:    ... okay on input line 207.
LaTeX Font Info:    Checking defaults for OT1/cmr/m/n on input line 207.
LaTeX Font Info:    ... okay on input line 207.
LaTeX Font Info:    Checking defaults for OMS/pzccm/m/n on input line 207.
LaTeX Font Info:    Try loading font information for OMS+pzccm on input line 20
7.
 (/usr/share/texmf-texlive/tex/latex/psnfss/omspzccm.fd
File: omspzccm.fd 2000/01/03 Fontinst v1.801 font definitions for OMS/pzccm.
)
LaTeX Font Info:    ... okay on input line 207.
LaTeX Font Info:    Checking defaults for OMX/cmex/m/n on input line 207.
LaTeX Font Info:    ... okay on input line 207.
LaTeX Font Info:    Checking defaults for U/cmr/m/n on input line 207.
LaTeX Font Info:    ... okay on input line 207.
-------------------- Geometry parameters
paper: a4paper
landscape: --
twocolumn: --
twoside: --
asymmetric: --
h-parts: 85.35826pt, 455.24411pt, 56.9055pt
v-parts: 85.35826pt, 702.78308pt, 56.9055pt
hmarginratio: --
vmarginratio: --
lines: --
heightrounded: --
bindingoffset: 0.0pt
truedimen: --
includehead: --
includefoot: --
includemp: --
driver: pdftex
-------------------- Page layout dimensions and switches
\paperwidth  597.50787pt
\paperheight 845.04684pt
\textwidth  455.24411pt
\textheight 702.78308pt
\oddsidemargin  13.08827pt
\evensidemargin 13.08827pt
\topmargin  -26.78673pt
\headheight 18.125pt
\headsep    21.75pt
\footskip   0.0pt
\marginparwidth 49.79233pt
\marginparsep   12.8401pt
\columnsep  10.0pt
\skip\footins  10.8pt plus 4.0pt minus 2.0pt
\hoffset 0.0pt
\voffset 0.0pt
\mag 1000

(1in=72.27pt, 1cm=28.45pt)
-----------------------
)
(./variables.tex) (./titlepages.tex
LaTeX Font Info:    Font shape `T1/phv/m/sc' will be
(Font)              scaled to size 12.9599pt on input line 5.
LaTeX Font Info:    Font shape `T1/phv/bx/sc' in size <14.4> not available
(Font)              Font shape `T1/phv/b/sc' tried instead on input line 5.
LaTeX Font Info:    Font shape `T1/phv/b/sc' will be
(Font)              scaled to size 12.9599pt on input line 5.
LaTeX Font Info:    Font shape `T1/phv/m/n' will be
(Font)              scaled to size 18.66588pt on input line 7.
LaTeX Font Info:    Font shape `T1/phv/bx/n' in size <20.74> not available
(Font)              Font shape `T1/phv/b/n' tried instead on input line 7.
LaTeX Font Info:    Font shape `T1/phv/b/n' will be
(Font)              scaled to size 18.66588pt on input line 7.
LaTeX Font Info:    Font shape `T1/ptm/bx/n' in size <17.28> not available
(Font)              Font shape `T1/ptm/b/n' tried instead on input line 9.
LaTeX Font Info:    Font shape `T1/phv/bx/n' in size <17.28> not available
(Font)              Font shape `T1/phv/b/n' tried instead on input line 9.
LaTeX Font Info:    Font shape `T1/phv/b/n' will be
(Font)              scaled to size 15.55188pt on input line 9.
LaTeX Font Info:    Font shape `T1/phv/bx/n' in size <14.4> not available
(Font)              Font shape `T1/phv/b/n' tried instead on input line 11.
LaTeX Font Info:    Font shape `T1/phv/b/n' will be
(Font)              scaled to size 12.9599pt on input line 11.
 [1


{/var/lib/texmf/fonts/map/pdftex/updmap/pdftex.map}]
LaTeX Font Info:    Font shape `T1/ptm/bx/sc' in size <12> not available
(Font)              Font shape `T1/ptm/b/sc' tried instead on input line 20.
LaTeX Font Info:    Font shape `T1/ptm/bx/sc' in size <14.4> not available
(Font)              Font shape `T1/ptm/b/sc' tried instead on input line 20.
LaTeX Font Info:    Try loading font information for OT1+ptmcm on input line 29
.
 (/usr/share/texmf-texlive/tex/latex/psnfss/ot1ptmcm.fd
File: ot1ptmcm.fd 2000/01/03 Fontinst v1.801 font definitions for OT1/ptmcm.
)
LaTeX Font Info:    Try loading font information for OML+ptmcm on input line 29
.

(/usr/share/texmf-texlive/tex/latex/psnfss/omlptmcm.fd
File: omlptmcm.fd 2000/01/03 Fontinst v1.801 font definitions for OML/ptmcm.
)
LaTeX Font Info:    Try loading font information for OMX+psycm on input line 29
.

(/usr/share/texmf-texlive/tex/latex/psnfss/omxpsycm.fd
File: omxpsycm.fd 2000/01/03 Fontinst v1.801 font definitions for OMX/psycm.
)
LaTeX Font Info:    Font shape `OT1/ptm/bx/n' in size <12> not available
(Font)              Font shape `OT1/ptm/b/n' tried instead on input line 29.
LaTeX Font Info:    Font shape `OT1/ptm/bx/n' in size <9> not available
(Font)              Font shape `OT1/ptm/b/n' tried instead on input line 29.
LaTeX Font Info:    Font shape `OT1/ptm/bx/n' in size <7> not available
(Font)              Font shape `OT1/ptm/b/n' tried instead on input line 29.
LaTeX Font Info:    Try loading font information for U+msa on input line 29.

(/usr/share/texmf-texlive/tex/latex/amsfonts/umsa.fd
File: umsa.fd 2002/01/19 v2.2g AMS font definitions
)
LaTeX Font Info:    Try loading font information for U+msb on input line 29.

(/usr/share/texmf-texlive/tex/latex/amsfonts/umsb.fd
File: umsb.fd 2002/01/19 v2.2g AMS font definitions
)
LaTeX Font Info:    Font shape `T1/ptm/bx/n' in size <12> not available
(Font)              Font shape `T1/ptm/b/n' tried instead on input line 33.
LaTeX Font Info:    Font shape `T1/phv/bx/n' in size <12> not available
(Font)              Font shape `T1/phv/b/n' tried instead on input line 33.
LaTeX Font Info:    Font shape `T1/phv/b/n' will be
(Font)              scaled to size 10.79993pt on input line 33.
) (./frontmatter.tex
[2

]
LaTeX Font Info:    Font shape `T1/ptm/bx/n' in size <20.74> not available
(Font)              Font shape `T1/ptm/b/n' tried instead on input line 11.
 [3

] [4] (./mono.toc
LaTeX Font Info:    Font shape `T1/phv/m/n' will be
(Font)              scaled to size 10.79993pt on input line 1.
)
\tf@toc=\write3
\openout3 = `mono.toc'.

) (./chapters/0.tex [5

]) (./chapters/1.tex [6

]
Chapter 1.
) (./chapters/2.tex [7

]
Chapter 2.
) (./chapters/3.tex [8

]
Chapter 3.
) (./chapters/X.tex [9

]) (./backmatter.tex [10

]
Underfull \hbox (badness 5119) in paragraph at lines 44--47
[]\T1/ptm/m/n/12 d'ARCANCHY, Heloísa. MEC vai anal-isar parâmet-ros cur-ric-u-l
ares do en-sino mé-
 []


Underfull \hbox (badness 3557) in paragraph at lines 44--47
\T1/ptm/m/n/12 dio. Min-istério da Ed-u-cação. Notí-cias. 10 de setem-bro de 20
04. Disponível em
 []

[11

]) [12] (./mono.aux) ) 
Here is how much of TeX's memory you used:
 2798 strings out of 95086
 36229 string characters out of 1183254
 90968 words of memory out of 1500000
 5899 multiletter control sequences out of 10000+50000
 70754 words of font info for 68 fonts, out of 1200000 for 2000
 30 hyphenation exceptions out of 8191
 35i,10n,43p,236b,388s stack positions out of 5000i,500n,6000p,200000b,5000s
{/usr/share/texmf-texlive/fonts/enc/dvips/base/8r.enc}</u
sr/share/texmf-texlive/fonts/type1/urw/helvetic/uhvb8a.pfb></usr/share/texmf-te
xlive/fonts/type1/urw/times/utmr8a.pfb></usr/share/texmf-texlive/fonts/type1/ur
w/times/utmri8a.pfb>
Output written on mono.pdf (12 pages, 58237 bytes).
PDF statistics:
 54 PDF objects out of 1000 (max. 8388607)
 0 named destinations out of 1000 (max. 131072)
 1 words of extra memory for PDF output out of 10000 (max. 10000000)

