This is pdfTeXk, Version 3.141592-1.40.3 (Web2C 7.5.6) (format=latex 2010.1.20)  25 JAN 2010 21:37
entering extended mode
 %&-line parsing enabled.
**tg.tex
(./tg.tex
LaTeX2e <2005/12/01>
Babel <v3.8h> and hyphenation patterns for english, usenglishmax, dumylang, noh
yphenation, pinyin, loaded.
(./tg.cls

LaTeX Warning: You have requested document class `tg',
               but the document class provides `latexbook'.

Document Class: latexbook 
(/usr/share/texmf-texlive/tex/latex/base/book.cls
Document Class: book 2005/09/16 v1.4f Standard LaTeX document class
(/usr/share/texmf-texlive/tex/latex/base/bk10.clo
File: bk10.clo 2005/09/16 v1.4f Standard LaTeX file (size option)
)
\c@part=\count79
\c@chapter=\count80
\c@section=\count81
\c@subsection=\count82
\c@subsubsection=\count83
\c@paragraph=\count84
\c@subparagraph=\count85
\c@figure=\count86
\c@table=\count87
\abovecaptionskip=\skip41
\belowcaptionskip=\skip42
\bibindent=\dimen102
)
(/usr/share/texmf-texlive/tex/latex/base/inputenc.sty
Package: inputenc 2006/05/05 v1.1b Input encoding file
\inpenc@prehook=\toks14
\inpenc@posthook=\toks15

(/usr/share/texmf-texlive/tex/latex/base/utf8.def
File: utf8.def 2006/03/30 v1.1i UTF-8 support for inputenc
Now handling font encoding OML ...
... no UTF-8 mapping file for font encoding OML
Now handling font encoding T1 ...
... processing UTF-8 mapping file for font encodingT1

(/usr/share/texmf-texlive/tex/latex/base/t1enc.dfu
File: t1enc.dfu 2006/03/30 v1.1i UTF-8 support for inputenc
   defining Unicode char U+00A1 (decimal 161)
   defining Unicode char U+00A3 (decimal 163)
   defining Unicode char U+00AB (decimal 171)
   defining Unicode char U+00BB (decimal 187)
   defining Unicode char U+00BF (decimal 191)
   defining Unicode char U+00C0 (decimal 192)
   defining Unicode char U+00C1 (decimal 193)
   defining Unicode char U+00C2 (decimal 194)
   defining Unicode char U+00C3 (decimal 195)
   defining Unicode char U+00C4 (decimal 196)
   defining Unicode char U+00C5 (decimal 197)
   defining Unicode char U+00C6 (decimal 198)
   defining Unicode char U+00C7 (decimal 199)
   defining Unicode char U+00C8 (decimal 200)
   defining Unicode char U+00C9 (decimal 201)
   defining Unicode char U+00CA (decimal 202)
   defining Unicode char U+00CB (decimal 203)
   defining Unicode char U+00CC (decimal 204)
   defining Unicode char U+00CD (decimal 205)
   defining Unicode char U+00CE (decimal 206)
   defining Unicode char U+00CF (decimal 207)
   defining Unicode char U+00D0 (decimal 208)
   defining Unicode char U+00D1 (decimal 209)
   defining Unicode char U+00D2 (decimal 210)
   defining Unicode char U+00D3 (decimal 211)
   defining Unicode char U+00D4 (decimal 212)
   defining Unicode char U+00D5 (decimal 213)
   defining Unicode char U+00D6 (decimal 214)
   defining Unicode char U+00D8 (decimal 216)
   defining Unicode char U+00D9 (decimal 217)
   defining Unicode char U+00DA (decimal 218)
   defining Unicode char U+00DB (decimal 219)
   defining Unicode char U+00DC (decimal 220)
   defining Unicode char U+00DD (decimal 221)
   defining Unicode char U+00DE (decimal 222)
   defining Unicode char U+00DF (decimal 223)
   defining Unicode char U+00E0 (decimal 224)
   defining Unicode char U+00E1 (decimal 225)
   defining Unicode char U+00E2 (decimal 226)
   defining Unicode char U+00E3 (decimal 227)
   defining Unicode char U+00E4 (decimal 228)
   defining Unicode char U+00E5 (decimal 229)
   defining Unicode char U+00E6 (decimal 230)
   defining Unicode char U+00E7 (decimal 231)
   defining Unicode char U+00E8 (decimal 232)
   defining Unicode char U+00E9 (decimal 233)
   defining Unicode char U+00EA (decimal 234)
   defining Unicode char U+00EB (decimal 235)
   defining Unicode char U+00EC (decimal 236)
   defining Unicode char U+00ED (decimal 237)
   defining Unicode char U+00EE (decimal 238)
   defining Unicode char U+00EF (decimal 239)
   defining Unicode char U+00F0 (decimal 240)
   defining Unicode char U+00F1 (decimal 241)
   defining Unicode char U+00F2 (decimal 242)
   defining Unicode char U+00F3 (decimal 243)
   defining Unicode char U+00F4 (decimal 244)
   defining Unicode char U+00F5 (decimal 245)
   defining Unicode char U+00F6 (decimal 246)
   defining Unicode char U+00F8 (decimal 248)
   defining Unicode char U+00F9 (decimal 249)
   defining Unicode char U+00FA (decimal 250)
   defining Unicode char U+00FB (decimal 251)
   defining Unicode char U+00FC (decimal 252)
   defining Unicode char U+00FD (decimal 253)
   defining Unicode char U+00FE (decimal 254)
   defining Unicode char U+00FF (decimal 255)
   defining Unicode char U+0102 (decimal 258)
   defining Unicode char U+0103 (decimal 259)
   defining Unicode char U+0104 (decimal 260)
   defining Unicode char U+0105 (decimal 261)
   defining Unicode char U+0106 (decimal 262)
   defining Unicode char U+0107 (decimal 263)
   defining Unicode char U+010C (decimal 268)
   defining Unicode char U+010D (decimal 269)
   defining Unicode char U+010E (decimal 270)
   defining Unicode char U+010F (decimal 271)
   defining Unicode char U+0110 (decimal 272)
   defining Unicode char U+0111 (decimal 273)
   defining Unicode char U+0118 (decimal 280)
   defining Unicode char U+0119 (decimal 281)
   defining Unicode char U+011A (decimal 282)
   defining Unicode char U+011B (decimal 283)
   defining Unicode char U+011E (decimal 286)
   defining Unicode char U+011F (decimal 287)
   defining Unicode char U+0130 (decimal 304)
   defining Unicode char U+0131 (decimal 305)
   defining Unicode char U+0132 (decimal 306)
   defining Unicode char U+0133 (decimal 307)
   defining Unicode char U+0139 (decimal 313)
   defining Unicode char U+013A (decimal 314)
   defining Unicode char U+013D (decimal 317)
   defining Unicode char U+013E (decimal 318)
   defining Unicode char U+0141 (decimal 321)
   defining Unicode char U+0142 (decimal 322)
   defining Unicode char U+0143 (decimal 323)
   defining Unicode char U+0144 (decimal 324)
   defining Unicode char U+0147 (decimal 327)
   defining Unicode char U+0148 (decimal 328)
   defining Unicode char U+014A (decimal 330)
   defining Unicode char U+014B (decimal 331)
   defining Unicode char U+0150 (decimal 336)
   defining Unicode char U+0151 (decimal 337)
   defining Unicode char U+0152 (decimal 338)
   defining Unicode char U+0153 (decimal 339)
   defining Unicode char U+0154 (decimal 340)
   defining Unicode char U+0155 (decimal 341)
   defining Unicode char U+0158 (decimal 344)
   defining Unicode char U+0159 (decimal 345)
   defining Unicode char U+015A (decimal 346)
   defining Unicode char U+015B (decimal 347)
   defining Unicode char U+015E (decimal 350)
   defining Unicode char U+015F (decimal 351)
   defining Unicode char U+0160 (decimal 352)
   defining Unicode char U+0161 (decimal 353)
   defining Unicode char U+0162 (decimal 354)
   defining Unicode char U+0163 (decimal 355)
   defining Unicode char U+0164 (decimal 356)
   defining Unicode char U+0165 (decimal 357)
   defining Unicode char U+016E (decimal 366)
   defining Unicode char U+016F (decimal 367)
   defining Unicode char U+0170 (decimal 368)
   defining Unicode char U+0171 (decimal 369)
   defining Unicode char U+0178 (decimal 376)
   defining Unicode char U+0179 (decimal 377)
   defining Unicode char U+017A (decimal 378)
   defining Unicode char U+017B (decimal 379)
   defining Unicode char U+017C (decimal 380)
   defining Unicode char U+017D (decimal 381)
   defining Unicode char U+017E (decimal 382)
   defining Unicode char U+200C (decimal 8204)
   defining Unicode char U+2013 (decimal 8211)
   defining Unicode char U+2014 (decimal 8212)
   defining Unicode char U+2018 (decimal 8216)
   defining Unicode char U+2019 (decimal 8217)
   defining Unicode char U+201A (decimal 8218)
   defining Unicode char U+201C (decimal 8220)
   defining Unicode char U+201D (decimal 8221)
   defining Unicode char U+201E (decimal 8222)
   defining Unicode char U+2030 (decimal 8240)
   defining Unicode char U+2031 (decimal 8241)
   defining Unicode char U+2039 (decimal 8249)
   defining Unicode char U+203A (decimal 8250)
   defining Unicode char U+2423 (decimal 9251)
)
Now handling font encoding OT1 ...
... processing UTF-8 mapping file for font encodingOT1

(/usr/share/texmf-texlive/tex/latex/base/ot1enc.dfu
File: ot1enc.dfu 2006/03/30 v1.1i UTF-8 support for inputenc
   defining Unicode char U+00A1 (decimal 161)
   defining Unicode char U+00A3 (decimal 163)
   defining Unicode char U+00B8 (decimal 184)
   defining Unicode char U+00BF (decimal 191)
   defining Unicode char U+00C5 (decimal 197)
   defining Unicode char U+00C6 (decimal 198)
   defining Unicode char U+00D8 (decimal 216)
   defining Unicode char U+00DF (decimal 223)
   defining Unicode char U+00E6 (decimal 230)
   defining Unicode char U+00EC (decimal 236)
   defining Unicode char U+00ED (decimal 237)
   defining Unicode char U+00EE (decimal 238)
   defining Unicode char U+00EF (decimal 239)
   defining Unicode char U+00F8 (decimal 248)
   defining Unicode char U+0131 (decimal 305)
   defining Unicode char U+0141 (decimal 321)
   defining Unicode char U+0142 (decimal 322)
   defining Unicode char U+0152 (decimal 338)
   defining Unicode char U+0153 (decimal 339)
   defining Unicode char U+2013 (decimal 8211)
   defining Unicode char U+2014 (decimal 8212)
   defining Unicode char U+2018 (decimal 8216)
   defining Unicode char U+2019 (decimal 8217)
   defining Unicode char U+201C (decimal 8220)
   defining Unicode char U+201D (decimal 8221)
)
Now handling font encoding OMS ...
... processing UTF-8 mapping file for font encodingOMS

(/usr/share/texmf-texlive/tex/latex/base/omsenc.dfu
File: omsenc.dfu 2006/03/30 v1.1i UTF-8 support for inputenc
   defining Unicode char U+00A7 (decimal 167)
   defining Unicode char U+00B6 (decimal 182)
   defining Unicode char U+00B7 (decimal 183)
   defining Unicode char U+2020 (decimal 8224)
   defining Unicode char U+2021 (decimal 8225)
   defining Unicode char U+2022 (decimal 8226)
)
Now handling font encoding OMX ...
... no UTF-8 mapping file for font encoding OMX
Now handling font encoding U ...
... no UTF-8 mapping file for font encoding U
   defining Unicode char U+00A9 (decimal 169)
   defining Unicode char U+00AA (decimal 170)
   defining Unicode char U+00AE (decimal 174)
   defining Unicode char U+00BA (decimal 186)
   defining Unicode char U+02C6 (decimal 710)
   defining Unicode char U+02DC (decimal 732)
   defining Unicode char U+200C (decimal 8204)
   defining Unicode char U+2026 (decimal 8230)
   defining Unicode char U+2122 (decimal 8482)
   defining Unicode char U+2423 (decimal 9251)
))
(/usr/share/texmf-texlive/tex/generic/babel/babel.sty
Package: babel 2005/11/23 v3.8h The Babel package

(/usr/share/texmf-texlive/tex/generic/babel/portuges.ldf
Language: portuges 2005/03/31 v1.2p Portuguese support from the babel system

(/usr/share/texmf-texlive/tex/generic/babel/babel.def
File: babel.def 2005/11/23 v3.8h Babel common definitions
\babel@savecnt=\count88
\U@D=\dimen103
)

Package babel Warning: No hyphenation patterns were loaded for
(babel)                the language `Portuguese'
(babel)                I will use the patterns loaded for \language=0 instead.

\l@portuges = a dialect from \language0
\l@brazil = a dialect from \language\l@portuges 
Package babel Info: Making " an active character on input line 145.
)) (/usr/share/texmf-texlive/tex/latex/psnfss/bookman.sty
Package: bookman 2005/04/12 PSNFSS-v9.2a (SPQR) 
)
(/usr/share/texmf-texlive/tex/latex/ltxmisc/ulem.sty
\UL@box=\box26
\UL@hyphenbox=\box27
\UL@skip=\skip43
\UL@hook=\toks16
\UL@pe=\count89
\UL@pixel=\dimen104
\ULC@box=\box28
Package: ulem 2000/05/26
\ULdepth=\dimen105
)
(/usr/share/texmf-texlive/tex/latex/amsfonts/amssymb.sty
Package: amssymb 2002/01/22 v2.2d

(/usr/share/texmf-texlive/tex/latex/amsfonts/amsfonts.sty
Package: amsfonts 2001/10/25 v2.2f
\@emptytoks=\toks17
\symAMSa=\mathgroup4
\symAMSb=\mathgroup5
LaTeX Font Info:    Overwriting math alphabet `\mathfrak' in version `bold'
(Font)                  U/euf/m/n --> U/euf/b/n on input line 132.
))
(/usr/share/texmf-texlive/tex/latex/amscls/amsthm.sty
Package: amsthm 2004/08/06 v2.20
\thm@style=\toks18
\thm@bodyfont=\toks19
\thm@headfont=\toks20
\thm@notefont=\toks21
\thm@headpunct=\toks22
\thm@preskip=\skip44
\thm@postskip=\skip45
\thm@headsep=\skip46
\dth@everypar=\toks23
)
(/usr/share/texmf-texlive/tex/latex/amsmath/amsmath.sty
Package: amsmath 2000/07/18 v2.13 AMS math features
\@mathmargin=\skip47

For additional information on amsmath, use the `?' option.
(/usr/share/texmf-texlive/tex/latex/amsmath/amstext.sty
Package: amstext 2000/06/29 v2.01

(/usr/share/texmf-texlive/tex/latex/amsmath/amsgen.sty
File: amsgen.sty 1999/11/30 v2.0
\@emptytoks=\toks24
\ex@=\dimen106
))
(/usr/share/texmf-texlive/tex/latex/amsmath/amsbsy.sty
Package: amsbsy 1999/11/29 v1.2d
\pmbraise@=\dimen107
)
(/usr/share/texmf-texlive/tex/latex/amsmath/amsopn.sty
Package: amsopn 1999/12/14 v2.01 operator names
)
\inf@bad=\count90
LaTeX Info: Redefining \frac on input line 211.
\uproot@=\count91
\leftroot@=\count92
LaTeX Info: Redefining \overline on input line 307.
\classnum@=\count93
\DOTSCASE@=\count94
LaTeX Info: Redefining \ldots on input line 379.
LaTeX Info: Redefining \dots on input line 382.
LaTeX Info: Redefining \cdots on input line 467.
\Mathstrutbox@=\box29
\strutbox@=\box30
\big@size=\dimen108
LaTeX Font Info:    Redeclaring font encoding OML on input line 567.
LaTeX Font Info:    Redeclaring font encoding OMS on input line 568.
\macc@depth=\count95
\c@MaxMatrixCols=\count96
\dotsspace@=\muskip10
\c@parentequation=\count97
\dspbrk@lvl=\count98
\tag@help=\toks25
\row@=\count99
\column@=\count100
\maxfields@=\count101
\andhelp@=\toks26
\eqnshift@=\dimen109
\alignsep@=\dimen110
\tagshift@=\dimen111
\tagwidth@=\dimen112
\totwidth@=\dimen113
\lineht@=\dimen114
\@envbody=\toks27
\multlinegap=\skip48
\multlinetaggap=\skip49
\mathdisplay@stack=\toks28
LaTeX Info: Redefining \[ on input line 2666.
LaTeX Info: Redefining \] on input line 2667.
)
(/usr/share/texmf-texlive/tex/latex/jknapltx/mathrsfs.sty
Package: mathrsfs 1996/01/01 Math RSFS package v1.0 (jk)
\symrsfs=\mathgroup6
)
(/usr/share/texmf-texlive/tex/latex/hyperref/hyperref.sty
Package: hyperref 2007/02/07 v6.75r Hypertext links for LaTeX

(/usr/share/texmf-texlive/tex/latex/graphics/keyval.sty
Package: keyval 1999/03/16 v1.13 key=value parser (DPC)
\KV@toks@=\toks29
)
\@linkdim=\dimen115
\Hy@linkcounter=\count102
\Hy@pagecounter=\count103

(/usr/share/texmf-texlive/tex/latex/hyperref/pd1enc.def
File: pd1enc.def 2007/02/07 v6.75r Hyperref: PDFDocEncoding definition (HO)
Now handling font encoding PD1 ...
... no UTF-8 mapping file for font encoding PD1
)
(/etc/texmf/tex/latex/config/hyperref.cfg
File: hyperref.cfg 2002/06/06 v1.2 hyperref configuration of TeXLive
)
(/usr/share/texmf-texlive/tex/latex/oberdiek/kvoptions.sty
Package: kvoptions 2006/08/22 v2.4 Connects package keyval with LaTeX options (
HO)
)
Package hyperref Info: Hyper figures OFF on input line 2288.
Package hyperref Info: Link nesting OFF on input line 2293.
Package hyperref Info: Hyper index ON on input line 2296.
Package hyperref Info: Plain pages OFF on input line 2303.
Package hyperref Info: Backreferencing OFF on input line 2308.

Implicit mode ON; LaTeX internals redefined
Package hyperref Info: Bookmarks ON on input line 2444.
(/usr/share/texmf-texlive/tex/latex/ltxmisc/url.sty
\Urlmuskip=\muskip11
Package: url 2005/06/27  ver 3.2  Verb mode for urls, etc.
)
LaTeX Info: Redefining \url on input line 2599.
\Fld@menulength=\count104
\Field@Width=\dimen116
\Fld@charsize=\dimen117
\Choice@toks=\toks30
\Field@toks=\toks31
Package hyperref Info: Hyper figures OFF on input line 3102.
Package hyperref Info: Link nesting OFF on input line 3107.
Package hyperref Info: Hyper index ON on input line 3110.
Package hyperref Info: backreferencing OFF on input line 3117.
Package hyperref Info: Link coloring OFF on input line 3122.
\Hy@abspage=\count105
\c@Item=\count106
\c@Hfootnote=\count107
)
*hyperref using default driver hdvips*
(/usr/share/texmf-texlive/tex/latex/hyperref/hdvips.def
File: hdvips.def 2007/02/07 v6.75r Hyperref driver for dvips

(/usr/share/texmf-texlive/tex/latex/hyperref/pdfmark.def
File: pdfmark.def 2007/02/07 v6.75r Hyperref definitions for pdfmark specials
\pdf@docset=\toks32
\pdf@box=\box31
\pdf@toks=\toks33
\pdf@defaulttoks=\toks34
\Fld@listcount=\count108
))
(/usr/share/texmf-texlive/tex/latex/tools/xspace.sty
Package: xspace 2006/05/08 v1.12 Space after command names (DPC,MH)
)
(/usr/share/texmf-texlive/tex/latex/tools/enumerate.sty
Package: enumerate 1999/03/05 v3.00 enumerate extensions (DPC)
\@enLab=\toks35
)
(/usr/share/texmf-texlive/tex/latex/base/makeidx.sty
Package: makeidx 2000/03/29 v1.0m Standard LaTeX package
)
(/usr/share/texmf-texlive/tex/latex/tools/calc.sty
Package: calc 2005/08/06 v4.2 Infix arithmetic (KKT,FJ)
\calc@Acount=\count109
\calc@Bcount=\count110
\calc@Adimen=\dimen118
\calc@Bdimen=\dimen119
\calc@Askip=\skip50
\calc@Bskip=\skip51
LaTeX Info: Redefining \setlength on input line 75.
LaTeX Info: Redefining \addtolength on input line 76.
\calc@Ccount=\count111
\calc@Cskip=\skip52
)
(/usr/share/texmf-texlive/tex/latex/base/ifthen.sty
Package: ifthen 2001/05/26 v1.1c Standard LaTeX ifthen package (DPC)
)
\c@Axi=\count112
\c@Teo=\count113
\c@Def=\count114
\c@Exe=\count115
)
\@indexfile=\write3
\openout3 = `tg.idx'.


Writing index file tg.idx
No file tg.aux.
\openout1 = `tg.aux'.

LaTeX Font Info:    Checking defaults for OML/cmm/m/it on input line 14.
LaTeX Font Info:    ... okay on input line 14.
LaTeX Font Info:    Checking defaults for T1/cmr/m/n on input line 14.
LaTeX Font Info:    ... okay on input line 14.
LaTeX Font Info:    Checking defaults for OT1/cmr/m/n on input line 14.
LaTeX Font Info:    ... okay on input line 14.
LaTeX Font Info:    Checking defaults for OMS/cmsy/m/n on input line 14.
LaTeX Font Info:    ... okay on input line 14.
LaTeX Font Info:    Checking defaults for OMX/cmex/m/n on input line 14.
LaTeX Font Info:    ... okay on input line 14.
LaTeX Font Info:    Checking defaults for U/cmr/m/n on input line 14.
LaTeX Font Info:    ... okay on input line 14.
LaTeX Font Info:    Checking defaults for PD1/pdf/m/n on input line 14.
LaTeX Font Info:    ... okay on input line 14.
LaTeX Font Info:    Try loading font information for OT1+pbk on input line 14.
(/usr/share/texmf-texlive/tex/latex/psnfss/ot1pbk.fd
File: ot1pbk.fd 2001/06/04 font definitions for OT1/pbk.
)
LaTeX Font Info:    Font shape `OT1/pbk/m/n' in size <10> not available
(Font)              Font shape `OT1/pbk/l/n' tried instead on input line 14.
Package hyperref Info: Link coloring OFF on input line 14.

(/usr/share/texmf-texlive/tex/latex/hyperref/nameref.sty
Package: nameref 2006/12/27 v2.28 Cross-referencing by name of section

(/usr/share/texmf-texlive/tex/latex/oberdiek/refcount.sty
Package: refcount 2006/02/20 v3.0 Data extraction from references (HO)
)
\c@section@level=\count116
)
LaTeX Info: Redefining \ref on input line 14.
LaTeX Info: Redefining \pageref on input line 14.
\@outlinefile=\write4
\openout4 = `tg.out'.



Package hyperref Warning: Rerun to get /PageLabels entry.

(./Sources/Miscellaneous/folhadeaprovacao.tex
LaTeX Font Info:    Font shape `OT1/pbk/m/n' in size <24.88> not available
(Font)              Font shape `OT1/pbk/l/n' tried instead on input line 6.
LaTeX Font Info:    Font shape `OT1/pbk/bx/n' in size <24.88> not available
(Font)              Font shape `OT1/pbk/b/n' tried instead on input line 6.
LaTeX Font Info:    Font shape `OT1/pbk/b/n' in size <24.88> not available
(Font)              Font shape `OT1/pbk/db/n' tried instead on input line 6.
LaTeX Font Info:    Font shape `OT1/pbk/m/sl' in size <10> not available
(Font)              Font shape `OT1/pbk/l/sl' tried instead on input line 10.
)
(./Sources/Miscellaneous/resumo.tex [1



] [2

]
LaTeX Font Info:    Try loading font information for U+msa on input line 24.

(/usr/share/texmf-texlive/tex/latex/amsfonts/umsa.fd
File: umsa.fd 2002/01/19 v2.2g AMS font definitions
)
LaTeX Font Info:    Try loading font information for U+msb on input line 24.

(/usr/share/texmf-texlive/tex/latex/amsfonts/umsb.fd
File: umsb.fd 2002/01/19 v2.2g AMS font definitions
)
LaTeX Font Info:    Try loading font information for U+rsfs on input line 24.

(/usr/share/texmf-texlive/tex/latex/jknapltx/ursfs.fd
File: ursfs.fd 1998/03/24 rsfs font definition file (jk)
)
Overfull \hbox (1.1993pt too wide) in paragraph at lines 30--35
\OT1/pbk/l/n/10 pre-ga-dos, deixando uma orienta[][]ao bib-li-ogr[]afica e uma 
motiva[][]ao para pesquisas
 []

) (./Sources/Miscellaneous/abstract.tex [3] [4

]) [5] [6

]
\tf@toc=\write5
\openout5 = `tg.toc'.

 [7] [8

]

Package hyperref Warning: old los file detected, not used; run LaTeX again.

\tf@los=\write6
\openout6 = `tg.los'.

[9] [10

] (./Sources/Chapters/introducao.tex
Cap\'{\i }tulo 1.
LaTeX Font Info:    Font shape `OT1/pbk/m/n' in size <20.74> not available
(Font)              Font shape `OT1/pbk/l/n' tried instead on input line 6.
LaTeX Font Info:    Font shape `OT1/pbk/bx/n' in size <20.74> not available
(Font)              Font shape `OT1/pbk/b/n' tried instead on input line 6.
LaTeX Font Info:    Font shape `OT1/pbk/b/n' in size <20.74> not available
(Font)              Font shape `OT1/pbk/db/n' tried instead on input line 6.
LaTeX Font Info:    Font shape `OT1/pbk/m/it' in size <10> not available
(Font)              Font shape `OT1/pbk/l/it' tried instead on input line 80.
[1

]
LaTeX Font Info:    Font shape `OT1/pbk/bx/n' in size <10> not available
(Font)              Font shape `OT1/pbk/b/n' tried instead on input line 95.
LaTeX Font Info:    Font shape `OT1/pbk/b/n' in size <10> not available
(Font)              Font shape `OT1/pbk/db/n' tried instead on input line 95.


LaTeX Warning: Citation `pralgffrabin' on page 2 undefined on input line 95.


LaTeX Warning: Reference `capfund' on page 2 undefined on input line 101.


LaTeX Warning: Reference `capalg' on page 2 undefined on input line 122.


Underfull \vbox (badness 1102) has occurred while \output is active []

 [2])
(./Sources/Chapters/fund.tex [3] [4

]
Cap\'{\i }tulo 2.

LaTeX Warning: Reference `capalg' on page 5 undefined on input line 9.


LaTeX Warning: Reference `polconceituacao' on page 5 undefined on input line 11
.


LaTeX Warning: Reference `aneispolinomios' on page 5 undefined on input line 12
.


LaTeX Warning: Reference `maint' on page 5 undefined on input line 14.


Overfull \hbox (4.01756pt too wide) in paragraph at lines 8--16
\OT1/pbk/l/n/10 esbo[]amos no pre-sente cap[]^^Ptulo a conceitua[][]ao el-e-men
-tar da Teo-ria de Polin[]omios
 []

LaTeX Font Info:    Font shape `OT1/pbk/m/n' in size <14.4> not available
(Font)              Font shape `OT1/pbk/l/n' tried instead on input line 28.
LaTeX Font Info:    Font shape `OT1/pbk/bx/n' in size <14.4> not available
(Font)              Font shape `OT1/pbk/b/n' tried instead on input line 28.
LaTeX Font Info:    Font shape `OT1/pbk/b/n' in size <14.4> not available
(Font)              Font shape `OT1/pbk/db/n' tried instead on input line 28.
LaTeX Font Info:    Font shape `OT1/pbk/bx/sc' in size <10> not available
(Font)              Font shape `OT1/pbk/b/sc' tried instead on input line 42.
LaTeX Font Info:    Font shape `OT1/pbk/b/sc' in size <10> not available
(Font)              Font shape `OT1/pbk/db/sc' tried instead on input line 42.
LaTeX Font Info:    Font shape `OT1/pbk/m/n' in size <8> not available
(Font)              Font shape `OT1/pbk/l/n' tried instead on input line 45.
[5]

LaTeX Warning: Marginpar on page 6 moved.

Package hyperref Info: bookmark level for unknown simbolo defaults to 0 on inpu
t line 80.

LaTeX Warning: Reference `fpadraop' on page 6 undefined on input line 95.


LaTeX Warning: Marginpar on page 6 moved.


LaTeX Warning: Marginpar on page 6 moved.


LaTeX Warning: Reference `nompip' on page 6 undefined on input line 118.


LaTeX Warning: Marginpar on page 6 moved.

[6]
LaTeX Font Info:    Font shape `OT1/pbk/m/sc' in size <10> not available
(Font)              Font shape `OT1/pbk/l/sc' tried instead on input line 169.


LaTeX Warning: Reference `notzeroumid' on page 7 undefined on input line 171.


LaTeX Warning: Reference `nompip' on page 7 undefined on input line 171.


LaTeX Warning: Marginpar on page 7 moved.


LaTeX Warning: Reference `polconceituacao' on page 7 undefined on input line 23
1.

LaTeX Font Info:    Font shape `OT1/pbk/m/sl' in size <7> not available
(Font)              Font shape `OT1/pbk/l/sl' tried instead on input line 242.
LaTeX Font Info:    Font shape `OT1/pbk/m/sl' in size <5> not available
(Font)              Font shape `OT1/pbk/l/sl' tried instead on input line 242.
[7]

LaTeX Warning: Reference `eqformaspadroes' on page 8 undefined on input line 26
0.


LaTeX Warning: Reference `eqformaspadroes' on page 8 undefined on input line 27
6.


LaTeX Warning: Reference `proprpolicomutativo' on page 8 undefined on input lin
e 295.


LaTeX Warning: Reference `proprpoliunidade' on page 8 undefined on input line 2
96.


LaTeX Warning: Reference `proprpolidi' on page 8 undefined on input line 297.


LaTeX Warning: Reference `teoanelpoli' on page 8 undefined on input line 312.

LaTeX Font Info:    Font shape `OT1/pbk/m/n' in size <7> not available
(Font)              Font shape `OT1/pbk/l/n' tried instead on input line 324.
LaTeX Font Info:    Font shape `OT1/pbk/m/n' in size <5> not available
(Font)              Font shape `OT1/pbk/l/n' tried instead on input line 324.
[8]

LaTeX Warning: Reference `teoanelpoli' on page 9 undefined on input line 338.

[9]

LaTeX Warning: Reference `proprpneqzero' on page 10 undefined on input line 396
.


LaTeX Warning: Reference `proprpneqzero' on page 10 undefined on input line 437
.


LaTeX Warning: Reference `lemgraumais' on page 10 undefined on input line 440.


LaTeX Warning: Reference `eqidlemgrauvezes' on page 10 undefined on input line 
468.


LaTeX Warning: Reference `lemgraumais' on page 10 undefined on input line 477.


LaTeX Warning: Reference `lemgraumais' on page 10 undefined on input line 482.


LaTeX Warning: Reference `proprpolicomutativo' on page 10 undefined on input li
ne 498.


LaTeX Warning: Reference `proprpoliunidade' on page 10 undefined on input line 
499.


LaTeX Warning: Reference `lemgrauvezes' on page 10 undefined on input line 507.


[10]

LaTeX Warning: Reference `proprpolicomutativo' on page 11 undefined on input li
ne 515.


LaTeX Warning: Reference `proprpoliunidade' on page 11 undefined on input line 
516.


Overfull \hbox (9.85352pt too wide) in paragraph at lines 538--543
\OT1/pbk/db/sc/10 Defini[][]ao \OT1/pbk/db/n/10 2.12\OT1/pbk/db/sc/10 . \OT1/pb
k/l/n/10 Dize-mos que um polin[]omio $\OML/cmm/m/it/10 f[]$ \OT1/pbk/l/n/10 de 
um anel de polin[]omios $\OT1/cmr/m/n/10 (\OML/cmm/m/it/10 R\OT1/cmr/m/n/10 [\O
ML/cmm/m/it/10 x\OT1/cmr/m/n/10 ]\OML/cmm/m/it/10 ; \OT1/cmr/m/n/10 +\OML/cmm/m
/it/10 ; \OMS/cmsy/m/n/10 ^^A\OT1/cmr/m/n/10 )$
 []


LaTeX Warning: Marginpar on page 11 moved.


LaTeX Warning: Marginpar on page 11 moved.


LaTeX Warning: Marginpar on page 11 moved.


LaTeX Warning: Reference `nomdivibddpoli' on page 11 undefined on input line 56
2.


LaTeX Warning: Reference `nomdivinteiro' on page 11 undefined on input line 564
.


LaTeX Warning: Reference `obsalgdiv' on page 11 undefined on input line 567.

[11]

LaTeX Warning: Reference `teoraizdivide' on page 12 undefined on input line 589
.


LaTeX Warning: Reference `obsalgdiv' on page 12 undefined on input line 604.


LaTeX Warning: Marginpar on page 12 moved.

[12]

LaTeX Warning: Reference `teosubcorpo' on page 13 undefined on input line 680.


LaTeX Warning: Reference `teosubcorpo' on page 13 undefined on input line 704.


LaTeX Warning: Reference `teosubcorpo' on page 13 undefined on input line 706.

LaTeX Font Info:    Font shape `OT1/pbk/m/n' in size <6> not available
(Font)              Font shape `OT1/pbk/l/n' tried instead on input line 734.
LaTeX Font Info:    Font shape `OT1/pbk/m/it' in size <8> not available
(Font)              Font shape `OT1/pbk/l/it' tried instead on input line 734.
[13]

LaTeX Warning: Reference `teoraizdivide' on page 14 undefined on input line 758
.


LaTeX Warning: Reference `teoraizdivide' on page 14 undefined on input line 760
.


LaTeX Warning: Reference `teoacardifa' on page 14 undefined on input line 762.


LaTeX Warning: Reference `teomkmllm' on page 14 undefined on input line 767.


LaTeX Warning: Reference `proprgaloismn' on page 14 undefined on input line 770
.


LaTeX Warning: Reference `teoacardifa' on page 14 undefined on input line 776.


Overfull \hbox (0.31573pt too wide) in paragraph at lines 792--799
[]\OT1/pbk/l/n/10 Notemos primeira-mente que, tomando uma raiz $\OML/cmm/m/it/1
0 $ \OT1/pbk/l/n/10 de $\OML/cmm/m/it/10 f$ \OT1/pbk/l/n/10 no corpo
 []


LaTeX Warning: Reference `teoacardifa' on page 14 undefined on input line 803.


LaTeX Warning: Reference `obsabpnapnbpn' on page 14 undefined on input line 805
.


LaTeX Warning: Reference `capalg' on page 14 undefined on input line 821.


LaTeX Warning: Reference `maint' on page 14 undefined on input line 835.

[14]

LaTeX Warning: Reference `maint' on page 15 undefined on input line 836.


LaTeX Warning: Reference `maint' on page 15 undefined on input line 837.


LaTeX Warning: Reference `everyroot' on page 15 undefined on input line 846.


LaTeX Warning: Reference `teoacardifa' on page 15 undefined on input line 849.


LaTeX Warning: Reference `teoraizdivide' on page 15 undefined on input line 854
.


LaTeX Warning: Reference `mainti' on page 15 undefined on input line 862.


LaTeX Warning: Reference `teoraizdivide' on page 15 undefined on input line 867
.


LaTeX Warning: Reference `maintii' on page 15 undefined on input line 885.


LaTeX Warning: Reference `mainti' on page 15 undefined on input line 887.


LaTeX Warning: Reference `maintii' on page 15 undefined on input line 887.


LaTeX Warning: Reference `everyroot' on page 15 undefined on input line 896.


LaTeX Warning: Reference `everyroot' on page 15 undefined on input line 899.


LaTeX Warning: Reference `maintii' on page 15 undefined on input line 907.

) (./Sources/Chapters/alg.tex [15] [16

]
Cap\'{\i }tulo 3.

LaTeX Warning: Reference `maint' on page 17 undefined on input line 8.


LaTeX Warning: Reference `capfund' on page 17 undefined on input line 9.


LaTeX Warning: Reference `mainti' on page 17 undefined on input line 13.


LaTeX Warning: Reference `maintii' on page 17 undefined on input line 13.

LaTeX Font Info:    Try loading font information for OT1+pcr on input line 25.
(/usr/share/texmf-texlive/tex/latex/psnfss/ot1pcr.fd
File: ot1pcr.fd 2001/06/04 font definitions for OT1/pcr.
)
Underfull \hbox (badness 10000) in paragraph at lines 15--52

 []


Underfull \hbox (badness 10000) in paragraph at lines 15--52

 []


Underfull \hbox (badness 10000) in paragraph at lines 15--52

 []


Underfull \hbox (badness 10000) in paragraph at lines 15--52

 []


LaTeX Warning: Reference `mainti' on page 17 undefined on input line 54.


LaTeX Warning: Reference `maintii' on page 17 undefined on input line 62.


LaTeX Warning: Citation `schnelle' on page 17 undefined on input line 70.


LaTeX Warning: Citation `design' on page 17 undefined on input line 74.


Overfull \hbox (15.69017pt too wide) in paragraph at lines 70--79
[]\OT1/pbk/l/n/10 Em 1977, o alem[]ao Schonhage[[]] mostrou que a multiplica[][
]ao de dois polin[]omios
 []

[17]

LaTeX Warning: Reference `estimativasuper' on page 18 undefined on input line 8
5.


LaTeX Warning: Citation `design' on page 18 undefined on input line 89.

) (./Sources/Chapters/conclusao.tex [18]
Cap\'{\i }tulo 4.

LaTeX Warning: Citation `pralgffrabin' on page 19 undefined on input line 18.

) (./Sources/Appendixes/estralg.tex [19

] [20

]
Ap\^endice A.
LaTeX Font Info:    Font shape `OT1/pbk/m/n' in size <12> not available
(Font)              Font shape `OT1/pbk/l/n' tried instead on input line 10.
LaTeX Font Info:    Font shape `OT1/pbk/bx/n' in size <12> not available
(Font)              Font shape `OT1/pbk/b/n' tried instead on input line 10.
LaTeX Font Info:    Font shape `OT1/pbk/b/n' in size <12> not available
(Font)              Font shape `OT1/pbk/db/n' tried instead on input line 10.

Overfull \hbox (2.4917pt too wide) in paragraph at lines 13--17
\OT1/pbk/db/sc/10 Defini[][]ao \OT1/pbk/db/n/10 A.1\OT1/pbk/db/sc/10 . \OT1/pbk
/l/n/10 Sendo $\OML/cmm/m/it/10 A$ \OT1/pbk/l/n/10 um con-junto qual-quer, o | 
  []   |   [][][], ou |   []
 []


LaTeX Warning: Marginpar on page 21 moved.


Overfull \hbox (1.19513pt too wide) in paragraph at lines 52--56
\OT1/pbk/db/sc/10 Nomenclatura \OT1/pbk/db/n/10 A.5\OT1/pbk/db/sc/10 . \OT1/pbk
/l/n/10 Dize-mos que uma rela[][]ao $\OMS/cmsy/m/n/10 ^^X$ \OT1/pbk/l/n/10 so-b
re um con-junto $\OML/cmm/m/it/10 A$ []\OT1/pbk/l/n/10 e |   [][][]
 []


Overfull \hbox (5.52507pt too wide) in paragraph at lines 59--63
\OT1/pbk/db/sc/10 Nomenclatura \OT1/pbk/db/n/10 A.6\OT1/pbk/db/sc/10 . \OT1/pbk
/l/n/10 Dize-mos que uma rela[][]ao $\OMS/cmsy/m/n/10 ^^X$ \OT1/pbk/l/n/10 so-b
re um con-junto $\OML/cmm/m/it/10 A$ []\OT1/pbk/l/n/10 e |   [][][]
 []


Overfull \hbox (7.12508pt too wide) in paragraph at lines 66--70
\OT1/pbk/db/sc/10 Nomenclatura \OT1/pbk/db/n/10 A.7\OT1/pbk/db/sc/10 . \OT1/pbk
/l/n/10 Dize-mos que uma rela[][]ao $\OMS/cmsy/m/n/10 ^^X$ \OT1/pbk/l/n/10 so-b
re um con-junto $\OML/cmm/m/it/10 A$ []\OT1/pbk/l/n/10 e |   [][][]
 []

[21]
Overfull \hbox (1.65706pt too wide) in paragraph at lines 112--116
\OT1/pbk/db/sc/10 Teorema \OT1/pbk/db/n/10 A.1\OT1/pbk/db/sc/10 . \OT1/pbk/l/sl
/10 O con-junto quo-ciente de um con-junto n[]ao vazio $\OML/cmm/m/it/10 A$ \OT
1/pbk/l/sl/10 por uma rela[][]ao
 []

[22]

LaTeX Warning: Marginpar on page 23 moved.


LaTeX Warning: Marginpar on page 23 moved.


LaTeX Warning: Reference `modleq' on page 23 undefined on input line 238.


LaTeX Warning: Reference `zeronaodivide' on page 23 undefined on input line 240
.

[23] [24]

LaTeX Warning: Reference `dividezero' on page 25 undefined on input line 413.


LaTeX Warning: Reference `divideoposto' on page 25 undefined on input line 420.



Overfull \hbox (3.79582pt too wide) in paragraph at lines 426--428
[]\OT1/pbk/l/n/10 Resta-nos ainda mostrar a tran-si-tivi-dade da con-gru[]encia
. Para tanto, tomemos
 []


LaTeX Warning: Reference `dividecombinacaolinear' on page 25 undefined on input
 line 435.


LaTeX Warning: Marginpar on page 25 moved.

[25]

LaTeX Warning: Marginpar on page 26 moved.


LaTeX Warning: Marginpar on page 26 moved.


LaTeX Warning: Marginpar on page 26 moved.


LaTeX Warning: Marginpar on page 26 moved.


LaTeX Warning: Marginpar on page 26 moved.


LaTeX Warning: Marginpar on page 26 moved.


LaTeX Warning: Marginpar on page 26 moved.


LaTeX Warning: Marginpar on page 26 moved.


LaTeX Warning: Marginpar on page 26 moved.


LaTeX Warning: Marginpar on page 26 moved.


LaTeX Warning: Marginpar on page 26 moved.

[26]
Overfull \hbox (0.4899pt too wide) in paragraph at lines 650--654
[]\OT1/pbk/l/n/10 Uma vez que defin-i-mos o con-ceito de ``el-e-mento neu-tro''
, es-ta-mos em condi[][]oes
 []


LaTeX Warning: Reference `nomsimetrizavel' on page 27 undefined on input line 6
56.

[27]

LaTeX Warning: Reference `eEQaESTRa2bar' on page 28 undefined on input line 754
.


LaTeX Warning: Reference `a1EQa1barESTRe' on page 28 undefined on input line 75
4.

[28] [29]

LaTeX Warning: Reference `psmorgi' on page 30 undefined on input line 849.


LaTeX Warning: Reference `psmorgii' on page 30 undefined on input line 860.


LaTeX Warning: Reference `regulargrupo' on page 30 undefined on input line 872.



LaTeX Warning: Reference `regulargrupo' on page 30 undefined on input line 873.



LaTeX Warning: Reference `regulargrupo' on page 30 undefined on input line 874.


[30]

LaTeX Warning: Reference `propreqgrupo' on page 31 undefined on input line 920.



LaTeX Warning: Reference `propreqgrupo' on page 31 undefined on input line 921.



LaTeX Warning: Reference `aXb' on page 31 undefined on input line 921.


LaTeX Warning: Reference `propreqgrupo' on page 31 undefined on input line 922.



LaTeX Warning: Reference `aXb' on page 31 undefined on input line 922.


LaTeX Warning: Reference `propreqgrupo' on page 31 undefined on input line 923.



LaTeX Warning: Reference `Xab' on page 31 undefined on input line 923.


LaTeX Warning: Reference `propreqgrupo' on page 31 undefined on input line 924.



LaTeX Warning: Reference `Xab' on page 31 undefined on input line 924.


LaTeX Warning: Reference `aXb' on page 31 undefined on input line 927.


LaTeX Warning: Reference `regulargrupo' on page 31 undefined on input line 929.



LaTeX Warning: Reference `aXb' on page 31 undefined on input line 937.


LaTeX Warning: Reference `Xab' on page 31 undefined on input line 939.


LaTeX Warning: Reference `regulargrupo' on page 31 undefined on input line 941.



LaTeX Warning: Reference `Xab' on page 31 undefined on input line 949.

[31]

LaTeX Warning: Reference `estrelatorio' on page 32 undefined on input line 1015
.


LaTeX Warning: Reference `psmorg' on page 32 undefined on input line 1016.


LaTeX Warning: Marginpar on page 32 moved.

[32]

LaTeX Warning: Reference `eqsubgrupo' on page 33 undefined on input line 1068.


LaTeX Warning: Reference `eqsubgrupo' on page 33 undefined on input line 1069.


LaTeX Warning: Reference `eqsubgrupo' on page 33 undefined on input line 1072.


LaTeX Warning: Reference `regulargrupo' on page 33 undefined on input line 1081
.


LaTeX Warning: Reference `regulargrupo' on page 33 undefined on input line 1091
.


LaTeX Warning: Reference `teosubgrida' on page 33 undefined on input line 1099.



LaTeX Warning: Reference `teosubfrida' on page 33 undefined on input line 1127.


[33]

LaTeX Warning: Reference `notclasselateral' on page 34 undefined on input line 
1151.


LaTeX Warning: Reference `eqsubgrupo' on page 34 undefined on input line 1163.


Overfull \hbox (4.46567pt too wide) in paragraph at lines 1187--1190
[]\OT1/pbk/l/n/10 Resta-nos ainda mostrar a tran-si-tivi-dade dessas rela[][]oe
s. Para tanto, tomemos
 []

[34]

LaTeX Warning: Reference `defcleq' on page 35 undefined on input line 1245.


LaTeX Warning: Reference `regulargrupo' on page 35 undefined on input line 1290
.


LaTeX Warning: Reference `regulargrupo' on page 35 undefined on input line 1294
.


LaTeX Warning: Reference `regulargrupo' on page 35 undefined on input line 1318
.


LaTeX Warning: Reference `regulargrupo' on page 35 undefined on input line 1322
.

[35]

LaTeX Warning: Marginpar on page 36 moved.


LaTeX Warning: Marginpar on page 36 moved.


LaTeX Warning: Marginpar on page 36 moved.


LaTeX Warning: Reference `coraHsimeqHa' on page 36 undefined on input line 1358
.


LaTeX Warning: Reference `teocquoc' on page 36 undefined on input line 1379.


LaTeX Warning: Reference `coraHsimeqbH' on page 36 undefined on input line 1390
.


LaTeX Warning: Reference `defdivide' on page 36 undefined on input line 1399.

[36]

LaTeX Warning: Reference `defiteracao' on page 37 undefined on input line 1455.



LaTeX Warning: Reference `defiteracao' on page 37 undefined on input line 1478.



LaTeX Warning: Reference `defiteracao' on page 37 undefined on input line 1501.


[37]

LaTeX Warning: Reference `defiteracao' on page 38 undefined on input line 1511.



LaTeX Warning: Reference `apotm-apotn-apotmn' on page 38 undefined on input lin
e 1545.

[38]

LaTeX Warning: Reference `nomsimetrico' on page 39 undefined on input line 1599
.


LaTeX Warning: Reference `proproveranoveran' on page 39 undefined on input line
 1601.


LaTeX Warning: Reference `proproveranoveran' on page 39 undefined on input line
 1602.


LaTeX Warning: Reference `proproveranoveran' on page 39 undefined on input line
 1604.


LaTeX Warning: Reference `defiteracao' on page 39 undefined on input line 1607.



LaTeX Warning: Reference `proprpotalternativa' on page 39 undefined on input li
ne 1608.


LaTeX Warning: Reference `apotm-apotn-apotmn' on page 39 undefined on input lin
e 1692.

[39]

LaTeX Warning: Reference `proproveranoveran' on page 40 undefined on input line
 1705.


LaTeX Warning: Reference `apotm-apotn-apotmn' on page 40 undefined on input lin
e 1710.


LaTeX Warning: Reference `proproveranoveran' on page 40 undefined on input line
 1722.


LaTeX Warning: Reference `lemanastoveram' on page 40 undefined on input line 17
81.


LaTeX Warning: Reference `lemate' on page 40 undefined on input line 1796.


LaTeX Warning: Reference `eqsubgrupo' on page 40 undefined on input line 1798.

[40]

LaTeX Warning: Reference `teogeradoasubgrupo' on page 41 undefined on input lin
e 1809.


LaTeX Warning: Reference `lemate' on page 41 undefined on input line 1822.


LaTeX Warning: Reference `teolagrange' on page 41 undefined on input line 1849.



LaTeX Warning: Reference `teogeradoasubgrupo' on page 41 undefined on input lin
e 1851.


LaTeX Warning: Reference `proprpotmnpotmn' on page 41 undefined on input line 1
854.


LaTeX Warning: Reference `lemapotordae' on page 41 undefined on input line 1857
.


LaTeX Warning: Reference `nomsubgruponormal' on page 41 undefined on input line
 1892.


LaTeX Warning: Reference `notmulsubcj' on page 41 undefined on input line 1893.


[41]

LaTeX Warning: Reference `notmulsubcj' on page 42 undefined on input line 1901.



LaTeX Warning: Reference `notmulsubcj' on page 42 undefined on input line 1908.



LaTeX Warning: Reference `lemaNbNabN' on page 42 undefined on input line 1946.


LaTeX Warning: Reference `lemaNbNabN' on page 42 undefined on input line 1980.


LaTeX Warning: Reference `lemaNbNabN' on page 42 undefined on input line 1985.

[42]

LaTeX Warning: Reference `regulargrupo' on page 43 undefined on input line 2049
.


Overfull \hbox (6.41396pt too wide) in paragraph at lines 2057--2061
\OT1/pbk/l/n/10 tamb[]em nos leva a con-cluir que $[] \OT1/cmr/m/n/10 = \OML/cm
m/m/it/10 r \OMS/cmsy/m/n/10 ^^A []$\OT1/pbk/l/n/10 , e, as-sim, encer-ramos no
ssa demonstra[][]ao.
 []


LaTeX Warning: Reference `rzeroigualazero' on page 43 undefined on input line 2
072.


LaTeX Warning: Reference `regulargrupo' on page 43 undefined on input line 2082
.


LaTeX Warning: Reference `regulargrupo' on page 43 undefined on input line 2083
.

[43]

LaTeX Warning: Reference `eqsubgrupo' on page 44 undefined on input line 2163.


LaTeX Warning: Reference `eqsubgrupo' on page 44 undefined on input line 2171.

[44]

LaTeX Warning: Marginpar on page 45 moved.

[45]

LaTeX Warning: Reference `apotm-apotn-apotmn' on page 46 undefined on input lin
e 2282.


LaTeX Warning: Reference `apotm-apotn-apotmn' on page 46 undefined on input lin
e 2294.


LaTeX Warning: Marginpar on page 46 moved.


LaTeX Warning: Marginpar on page 46 moved.

[46]

LaTeX Warning: Reference `primodivide' on page 47 undefined on input line 2372.



LaTeX Warning: Reference `proprnmrsnrms' on page 47 undefined on input line 243
4.


LaTeX Warning: Reference `proprnmrsnrms' on page 47 undefined on input line 244
0.


LaTeX Warning: Reference `rzeroigualazero' on page 47 undefined on input line 2
440.

[47]

LaTeX Warning: Marginpar on page 48 moved.


LaTeX Warning: Reference `integridaderegular' on page 48 undefined on input lin
e 2508.


Overfull \hbox (0.6385pt too wide) in paragraph at lines 2525--2528
\OT1/pbk/db/sc/10 Nomenclatura \OT1/pbk/db/n/10 A.70\OT1/pbk/db/sc/10 . \OT1/pb
k/l/n/10 Dize-mos que um corpo $\OT1/cmr/m/n/10 (\OML/cmm/m/it/10 F; \OT1/cmr/m
/n/10 +\OML/cmm/m/it/10 ; \OMS/cmsy/m/n/10 ^^A\OT1/cmr/m/n/10 )$ []\OT1/pbk/l/n
/10 e |   [][][] quando e s[]o quando
 []


LaTeX Warning: Marginpar on page 48 moved.


LaTeX Warning: Reference `lemate' on page 48 undefined on input line 2542.

[48]

LaTeX Warning: Reference `lemate' on page 49 undefined on input line 2558.


LaTeX Warning: Reference `abpotn-apotnbpotn' on page 49 undefined on input line
 2562.


LaTeX Warning: Reference `rzeroigualazero' on page 49 undefined on input line 2
563.


LaTeX Warning: Reference `teocaracanel' on page 49 undefined on input line 2575
.


LaTeX Warning: Reference `teocorpodi' on page 49 undefined on input line 2577.


LaTeX Warning: Reference `teosubcorpo' on page 49 undefined on input line 2611.



LaTeX Warning: Reference `teosubcorpo' on page 49 undefined on input line 2612.



LaTeX Warning: Reference `teosubcorpo' on page 49 undefined on input line 2613.



LaTeX Warning: Reference `teosubcorpo' on page 49 undefined on input line 2614.


[49]

LaTeX Warning: Reference `teosubcorpo' on page 50 undefined on input line 2629.



LaTeX Warning: Reference `teosubcorpo' on page 50 undefined on input line 2630.



LaTeX Warning: Reference `teosubcorpo' on page 50 undefined on input line 2631.



LaTeX Warning: Reference `teosubcorpo' on page 50 undefined on input line 2632.



LaTeX Warning: Reference `eqsubgrupo' on page 50 undefined on input line 2635.

[50]

LaTeX Warning: Reference `notgerado' on page 51 undefined on input line 2720.


LaTeX Warning: Reference `teosubanel' on page 51 undefined on input line 2772.


LaTeX Warning: Marginpar on page 51 moved.


LaTeX Warning: Marginpar on page 51 moved.

[51]

LaTeX Warning: Reference `defclasselateral' on page 52 undefined on input line 
2821.


LaTeX Warning: Reference `defideal' on page 52 undefined on input line 2828.


LaTeX Warning: Reference `lema1b1Ja2b2J' on page 52 undefined on input line 287
1.


LaTeX Warning: Reference `notmultideal' on page 52 undefined on input line 2875
.


LaTeX Warning: Reference `notmultideal' on page 52 undefined on input line 2889
.


Overfull \hbox (4.86905pt too wide) in paragraph at lines 2895--2902
\OT1/pbk/db/sc/10 Teorema \OT1/pbk/db/n/10 A.60\OT1/pbk/db/sc/10 . \OT1/pbk/l/s
l/10 Sendo $\OML/cmm/m/it/10 J$ \OT1/pbk/l/sl/10 um ideal so-bre um anel co-mu-
ta-tivo $\OT1/cmr/m/n/10 (\OML/cmm/m/it/10 R; \OT1/cmr/m/n/10 +\OML/cmm/m/it/10
 ; \OMS/cmsy/m/n/10 ^^A\OT1/cmr/m/n/10 )$\OT1/pbk/l/sl/10 , as opera[][]oes
 []

[52]

LaTeX Warning: Marginpar on page 53 moved.


LaTeX Warning: Marginpar on page 53 moved.


LaTeX Warning: Reference `teogrupoquociente' on page 53 undefined on input line
 2905.


LaTeX Warning: Reference `obsgeradounit' on page 53 undefined on input line 294
1.


LaTeX Warning: Reference `notcleqint' on page 53 undefined on input line 2942.


LaTeX Warning: Reference `teodiprimo' on page 53 undefined on input line 2967.


LaTeX Warning: Reference `obszp' on page 53 undefined on input line 2967.

[53]

LaTeX Warning: Reference `teodifinitocorpo' on page 54 undefined on input line 
2976.


LaTeX Warning: Marginpar on page 54 moved.


LaTeX Warning: Reference `teozpcorpo' on page 54 undefined on input line 3005.


LaTeX Warning: Reference `teocaracacorpo' on page 54 undefined on input line 30
14.


LaTeX Warning: Reference `teosubcorpo' on page 54 undefined on input line 3053.


[54]

LaTeX Warning: Reference `teocorposimeqgalois' on page 55 undefined on input li
ne 3069.


LaTeX Warning: Reference `teocorposimeqgalois' on page 55 undefined on input li
ne 3070.


LaTeX Warning: Reference `teocorposimeqgalois' on page 55 undefined on input li
ne 3071.


LaTeX Warning: Reference `teocorposimeqgalois' on page 55 undefined on input li
ne 3072.


LaTeX Warning: Reference `teocorposimeqgalois' on page 55 undefined on input li
ne 3073.


LaTeX Warning: Reference `tcsg1' on page 55 undefined on input line 3076.


LaTeX Warning: Reference `regulargrupo' on page 55 undefined on input line 3078
.


LaTeX Warning: Reference `apotm-apotn-apotmn' on page 55 undefined on input lin
e 3080.


LaTeX Warning: Reference `tcsg3' on page 55 undefined on input line 3091.


LaTeX Warning: Reference `tcsg4' on page 55 undefined on input line 3091.


LaTeX Warning: Marginpar on page 55 moved.


LaTeX Warning: Marginpar on page 55 moved.

[55]

LaTeX Warning: Reference `proprunicoe' on page 56 undefined on input line 3183.



LaTeX Warning: Reference `nomdimensao' on page 56 undefined on input line 3231.



LaTeX Warning: Marginpar on page 56 moved.


LaTeX Warning: Marginpar on page 56 moved.


LaTeX Warning: Marginpar on page 56 moved.


LaTeX Warning: Marginpar on page 56 moved.

[56] [57]

LaTeX Warning: Reference `teocorposimeqgalois' on page 58 undefined on input li
ne 3387.


Overfull \hbox (11.7673pt too wide) in paragraph at lines 3402--3411
\OT1/pbk/db/sc/10 Observa[][]ao \OT1/pbk/db/n/10 A.94\OT1/pbk/db/sc/10 . \OT1/p
bk/l/n/10 Pode-mos es-ten-der a defini[][]ao de corpo de Ga-lois para pot[]enci
as
 []


LaTeX Warning: Marginpar on page 58 moved.


LaTeX Warning: Reference `obsgalois' on page 58 undefined on input line 3421.

)

LaTeX Warning: Citation `pralgffrabin' undefined on input line 36.


LaTeX Warning: Citation `mLID86a' undefined on input line 37.


LaTeX Warning: Citation `algmod' undefined on input line 38.


LaTeX Warning: Citation `schnelle' undefined on input line 39.


LaTeX Warning: Citation `design' undefined on input line 40.

No file tg.bbl.
No file tg.ind.
[58] (./tg.aux)

LaTeX Warning: There were undefined references.


LaTeX Warning: Label(s) may have changed. Rerun to get cross-references right.

 ) 
Here is how much of TeX's memory you used:
 4355 strings out of 95081
 55776 string characters out of 1183120
 122899 words of memory out of 1500000
 7417 multiletter control sequences out of 10000+50000
 22455 words of font info for 73 fonts, out of 1200000 for 2000
 28 hyphenation exceptions out of 8191
 34i,19n,38p,465b,492s stack positions out of 5000i,500n,6000p,200000b,5000s

Output written on tg.dvi (68 pages, 336176 bytes).
