\BOOKMARK [0][-]{chapter.1}{Introdu\347\343o}{}
\BOOKMARK [0][-]{chapter.2}{Esbo\347o dos fundamentos te\363ricos}{}
\BOOKMARK [1][-]{section.2.1}{Polin\364mios}{chapter.2}
\BOOKMARK [1][-]{section.2.2}{An\351is de polin\364mios}{chapter.2}
\BOOKMARK [1][-]{section.2.3}{Divisibilidade e irredutibilidade polinomial}{chapter.2}
\BOOKMARK [0][-]{chapter.3}{O algoritmo}{}
\BOOKMARK [0][-]{chapter.4}{Conclus\343o}{}
\BOOKMARK [0][-]{appendix.A}{Fundamentos alg\351bricos}{}
\BOOKMARK [1][-]{section.A.1}{Conceitos preliminares}{appendix.A}
\BOOKMARK [2][-]{subsection.A.1.1}{Parti\347\365es}{section.A.1}
\BOOKMARK [2][-]{subsection.A.1.2}{Rela\347\365es}{section.A.1}
\BOOKMARK [2][-]{subsection.A.1.3}{Divisibilidade no conjunto dos n\372meros inteiros}{section.A.1}
\BOOKMARK [2][-]{subsection.A.1.4}{Fun\347\365es}{section.A.1}
\BOOKMARK [2][-]{subsection.A.1.5}{Opera\347\365es}{section.A.1}
\BOOKMARK [1][-]{section.A.2}{Grupos e subgrupos}{appendix.A}
\BOOKMARK [2][-]{subsection.A.2.1}{Grupos}{section.A.2}
\BOOKMARK [2][-]{subsection.A.2.2}{Grupos abelianos}{section.A.2}
\BOOKMARK [2][-]{subsection.A.2.3}{Subgrupos}{section.A.2}
\BOOKMARK [2][-]{subsection.A.2.4}{Classes laterais}{section.A.2}
\BOOKMARK [2][-]{subsection.A.2.5}{Grupos finitos}{section.A.2}
\BOOKMARK [2][-]{subsection.A.2.6}{Grupos c\355clicos}{section.A.2}
\BOOKMARK [2][-]{subsection.A.2.7}{Subgrupos normais e grupos quocientes}{section.A.2}
\BOOKMARK [1][-]{section.A.3}{An\351is e estruturas afins}{appendix.A}
\BOOKMARK [2][-]{subsection.A.3.1}{An\351is}{section.A.3}
\BOOKMARK [2][-]{subsection.A.3.2}{Suban\351is}{section.A.3}
\BOOKMARK [2][-]{subsection.A.3.3}{An\351is comutativos}{section.A.3}
\BOOKMARK [2][-]{subsection.A.3.4}{An\351is com unidade}{section.A.3}
\BOOKMARK [2][-]{subsection.A.3.5}{Dom\355nios de integridade}{section.A.3}
\BOOKMARK [2][-]{subsection.A.3.6}{Corpos}{section.A.3}
\BOOKMARK [2][-]{subsection.A.3.7}{Corpos finitos}{section.A.3}
\BOOKMARK [2][-]{subsection.A.3.8}{Subcorpos}{section.A.3}
\BOOKMARK [2][-]{subsection.A.3.9}{Ideais}{section.A.3}
\BOOKMARK [2][-]{subsection.A.3.10}{An\351is quocientes}{section.A.3}
\BOOKMARK [1][-]{section.A.4}{Espa\347os vetoriais}{appendix.A}
\BOOKMARK [2][-]{subsection.A.4.1}{Conceitua\347\343o}{section.A.4}
\BOOKMARK [1][-]{section.A.5}{Espa\347os vetoriais gerados por subcorpos}{appendix.A}
