This is pdfTeXk, Version 3.141592-1.40.3 (Web2C 7.5.6) (format=latex 2009.9.22)  8 OCT 2009 19:43
entering extended mode
 %&-line parsing enabled.
**hashing.tex
(./hashing.tex
LaTeX2e <2005/12/01>
Babel <v3.8h> and hyphenation patterns for english, usenglishmax, dumylang, noh
yphenation, croatian, ukrainian, russian, bulgarian, czech, slovak, danish, dut
ch, finnish, basque, french, german, ngerman, ibycus, greek, monogreek, ancient
greek, hungarian, italian, latin, mongolian, norsk, icelandic, interlingua, tur
kish, coptic, romanian, welsh, serbian, slovenian, estonian, esperanto, upperso
rbian, indonesian, polish, portuguese, spanish, catalan, galician, swedish, loa
ded.
(/usr/share/texmf-texlive/tex/latex/base/article.cls
Document Class: article 2005/09/16 v1.4f Standard LaTeX document class
(/usr/share/texmf-texlive/tex/latex/base/size10.clo
File: size10.clo 2005/09/16 v1.4f Standard LaTeX file (size option)
)
\c@part=\count79
\c@section=\count80
\c@subsection=\count81
\c@subsubsection=\count82
\c@paragraph=\count83
\c@subparagraph=\count84
\c@figure=\count85
\c@table=\count86
\abovecaptionskip=\skip41
\belowcaptionskip=\skip42
\bibindent=\dimen102
)
(/usr/share/texmf-texlive/tex/latex/base/inputenc.sty
Package: inputenc 2006/05/05 v1.1b Input encoding file
\inpenc@prehook=\toks14
\inpenc@posthook=\toks15

(/usr/share/texmf-texlive/tex/latex/base/utf8.def
File: utf8.def 2006/03/30 v1.1i UTF-8 support for inputenc
Now handling font encoding OML ...
... no UTF-8 mapping file for font encoding OML
Now handling font encoding T1 ...
... processing UTF-8 mapping file for font encodingT1

(/usr/share/texmf-texlive/tex/latex/base/t1enc.dfu
File: t1enc.dfu 2006/03/30 v1.1i UTF-8 support for inputenc
   defining Unicode char U+00A1 (decimal 161)
   defining Unicode char U+00A3 (decimal 163)
   defining Unicode char U+00AB (decimal 171)
   defining Unicode char U+00BB (decimal 187)
   defining Unicode char U+00BF (decimal 191)
   defining Unicode char U+00C0 (decimal 192)
   defining Unicode char U+00C1 (decimal 193)
   defining Unicode char U+00C2 (decimal 194)
   defining Unicode char U+00C3 (decimal 195)
   defining Unicode char U+00C4 (decimal 196)
   defining Unicode char U+00C5 (decimal 197)
   defining Unicode char U+00C6 (decimal 198)
   defining Unicode char U+00C7 (decimal 199)
   defining Unicode char U+00C8 (decimal 200)
   defining Unicode char U+00C9 (decimal 201)
   defining Unicode char U+00CA (decimal 202)
   defining Unicode char U+00CB (decimal 203)
   defining Unicode char U+00CC (decimal 204)
   defining Unicode char U+00CD (decimal 205)
   defining Unicode char U+00CE (decimal 206)
   defining Unicode char U+00CF (decimal 207)
   defining Unicode char U+00D0 (decimal 208)
   defining Unicode char U+00D1 (decimal 209)
   defining Unicode char U+00D2 (decimal 210)
   defining Unicode char U+00D3 (decimal 211)
   defining Unicode char U+00D4 (decimal 212)
   defining Unicode char U+00D5 (decimal 213)
   defining Unicode char U+00D6 (decimal 214)
   defining Unicode char U+00D8 (decimal 216)
   defining Unicode char U+00D9 (decimal 217)
   defining Unicode char U+00DA (decimal 218)
   defining Unicode char U+00DB (decimal 219)
   defining Unicode char U+00DC (decimal 220)
   defining Unicode char U+00DD (decimal 221)
   defining Unicode char U+00DE (decimal 222)
   defining Unicode char U+00DF (decimal 223)
   defining Unicode char U+00E0 (decimal 224)
   defining Unicode char U+00E1 (decimal 225)
   defining Unicode char U+00E2 (decimal 226)
   defining Unicode char U+00E3 (decimal 227)
   defining Unicode char U+00E4 (decimal 228)
   defining Unicode char U+00E5 (decimal 229)
   defining Unicode char U+00E6 (decimal 230)
   defining Unicode char U+00E7 (decimal 231)
   defining Unicode char U+00E8 (decimal 232)
   defining Unicode char U+00E9 (decimal 233)
   defining Unicode char U+00EA (decimal 234)
   defining Unicode char U+00EB (decimal 235)
   defining Unicode char U+00EC (decimal 236)
   defining Unicode char U+00ED (decimal 237)
   defining Unicode char U+00EE (decimal 238)
   defining Unicode char U+00EF (decimal 239)
   defining Unicode char U+00F0 (decimal 240)
   defining Unicode char U+00F1 (decimal 241)
   defining Unicode char U+00F2 (decimal 242)
   defining Unicode char U+00F3 (decimal 243)
   defining Unicode char U+00F4 (decimal 244)
   defining Unicode char U+00F5 (decimal 245)
   defining Unicode char U+00F6 (decimal 246)
   defining Unicode char U+00F8 (decimal 248)
   defining Unicode char U+00F9 (decimal 249)
   defining Unicode char U+00FA (decimal 250)
   defining Unicode char U+00FB (decimal 251)
   defining Unicode char U+00FC (decimal 252)
   defining Unicode char U+00FD (decimal 253)
   defining Unicode char U+00FE (decimal 254)
   defining Unicode char U+00FF (decimal 255)
   defining Unicode char U+0102 (decimal 258)
   defining Unicode char U+0103 (decimal 259)
   defining Unicode char U+0104 (decimal 260)
   defining Unicode char U+0105 (decimal 261)
   defining Unicode char U+0106 (decimal 262)
   defining Unicode char U+0107 (decimal 263)
   defining Unicode char U+010C (decimal 268)
   defining Unicode char U+010D (decimal 269)
   defining Unicode char U+010E (decimal 270)
   defining Unicode char U+010F (decimal 271)
   defining Unicode char U+0110 (decimal 272)
   defining Unicode char U+0111 (decimal 273)
   defining Unicode char U+0118 (decimal 280)
   defining Unicode char U+0119 (decimal 281)
   defining Unicode char U+011A (decimal 282)
   defining Unicode char U+011B (decimal 283)
   defining Unicode char U+011E (decimal 286)
   defining Unicode char U+011F (decimal 287)
   defining Unicode char U+0130 (decimal 304)
   defining Unicode char U+0131 (decimal 305)
   defining Unicode char U+0132 (decimal 306)
   defining Unicode char U+0133 (decimal 307)
   defining Unicode char U+0139 (decimal 313)
   defining Unicode char U+013A (decimal 314)
   defining Unicode char U+013D (decimal 317)
   defining Unicode char U+013E (decimal 318)
   defining Unicode char U+0141 (decimal 321)
   defining Unicode char U+0142 (decimal 322)
   defining Unicode char U+0143 (decimal 323)
   defining Unicode char U+0144 (decimal 324)
   defining Unicode char U+0147 (decimal 327)
   defining Unicode char U+0148 (decimal 328)
   defining Unicode char U+014A (decimal 330)
   defining Unicode char U+014B (decimal 331)
   defining Unicode char U+0150 (decimal 336)
   defining Unicode char U+0151 (decimal 337)
   defining Unicode char U+0152 (decimal 338)
   defining Unicode char U+0153 (decimal 339)
   defining Unicode char U+0154 (decimal 340)
   defining Unicode char U+0155 (decimal 341)
   defining Unicode char U+0158 (decimal 344)
   defining Unicode char U+0159 (decimal 345)
   defining Unicode char U+015A (decimal 346)
   defining Unicode char U+015B (decimal 347)
   defining Unicode char U+015E (decimal 350)
   defining Unicode char U+015F (decimal 351)
   defining Unicode char U+0160 (decimal 352)
   defining Unicode char U+0161 (decimal 353)
   defining Unicode char U+0162 (decimal 354)
   defining Unicode char U+0163 (decimal 355)
   defining Unicode char U+0164 (decimal 356)
   defining Unicode char U+0165 (decimal 357)
   defining Unicode char U+016E (decimal 366)
   defining Unicode char U+016F (decimal 367)
   defining Unicode char U+0170 (decimal 368)
   defining Unicode char U+0171 (decimal 369)
   defining Unicode char U+0178 (decimal 376)
   defining Unicode char U+0179 (decimal 377)
   defining Unicode char U+017A (decimal 378)
   defining Unicode char U+017B (decimal 379)
   defining Unicode char U+017C (decimal 380)
   defining Unicode char U+017D (decimal 381)
   defining Unicode char U+017E (decimal 382)
   defining Unicode char U+200C (decimal 8204)
   defining Unicode char U+2013 (decimal 8211)
   defining Unicode char U+2014 (decimal 8212)
   defining Unicode char U+2018 (decimal 8216)
   defining Unicode char U+2019 (decimal 8217)
   defining Unicode char U+201A (decimal 8218)
   defining Unicode char U+201C (decimal 8220)
   defining Unicode char U+201D (decimal 8221)
   defining Unicode char U+201E (decimal 8222)
   defining Unicode char U+2030 (decimal 8240)
   defining Unicode char U+2031 (decimal 8241)
   defining Unicode char U+2039 (decimal 8249)
   defining Unicode char U+203A (decimal 8250)
   defining Unicode char U+2423 (decimal 9251)
)
Now handling font encoding OT1 ...
... processing UTF-8 mapping file for font encodingOT1

(/usr/share/texmf-texlive/tex/latex/base/ot1enc.dfu
File: ot1enc.dfu 2006/03/30 v1.1i UTF-8 support for inputenc
   defining Unicode char U+00A1 (decimal 161)
   defining Unicode char U+00A3 (decimal 163)
   defining Unicode char U+00B8 (decimal 184)
   defining Unicode char U+00BF (decimal 191)
   defining Unicode char U+00C5 (decimal 197)
   defining Unicode char U+00C6 (decimal 198)
   defining Unicode char U+00D8 (decimal 216)
   defining Unicode char U+00DF (decimal 223)
   defining Unicode char U+00E6 (decimal 230)
   defining Unicode char U+00EC (decimal 236)
   defining Unicode char U+00ED (decimal 237)
   defining Unicode char U+00EE (decimal 238)
   defining Unicode char U+00EF (decimal 239)
   defining Unicode char U+00F8 (decimal 248)
   defining Unicode char U+0131 (decimal 305)
   defining Unicode char U+0141 (decimal 321)
   defining Unicode char U+0142 (decimal 322)
   defining Unicode char U+0152 (decimal 338)
   defining Unicode char U+0153 (decimal 339)
   defining Unicode char U+2013 (decimal 8211)
   defining Unicode char U+2014 (decimal 8212)
   defining Unicode char U+2018 (decimal 8216)
   defining Unicode char U+2019 (decimal 8217)
   defining Unicode char U+201C (decimal 8220)
   defining Unicode char U+201D (decimal 8221)
)
Now handling font encoding OMS ...
... processing UTF-8 mapping file for font encodingOMS

(/usr/share/texmf-texlive/tex/latex/base/omsenc.dfu
File: omsenc.dfu 2006/03/30 v1.1i UTF-8 support for inputenc
   defining Unicode char U+00A7 (decimal 167)
   defining Unicode char U+00B6 (decimal 182)
   defining Unicode char U+00B7 (decimal 183)
   defining Unicode char U+2020 (decimal 8224)
   defining Unicode char U+2021 (decimal 8225)
   defining Unicode char U+2022 (decimal 8226)
)
Now handling font encoding OMX ...
... no UTF-8 mapping file for font encoding OMX
Now handling font encoding U ...
... no UTF-8 mapping file for font encoding U
   defining Unicode char U+00A9 (decimal 169)
   defining Unicode char U+00AA (decimal 170)
   defining Unicode char U+00AE (decimal 174)
   defining Unicode char U+00BA (decimal 186)
   defining Unicode char U+02C6 (decimal 710)
   defining Unicode char U+02DC (decimal 732)
   defining Unicode char U+200C (decimal 8204)
   defining Unicode char U+2026 (decimal 8230)
   defining Unicode char U+2122 (decimal 8482)
   defining Unicode char U+2423 (decimal 9251)
))
(/usr/share/texmf-texlive/tex/generic/babel/babel.sty
Package: babel 2005/11/23 v3.8h The Babel package

(/usr/share/texmf-texlive/tex/generic/babel/portuges.ldf
Language: portuges 2005/03/31 v1.2p Portuguese support from the babel system

(/usr/share/texmf-texlive/tex/generic/babel/babel.def
File: babel.def 2005/11/23 v3.8h Babel common definitions
\babel@savecnt=\count87
\U@D=\dimen103
)
\l@brazil = a dialect from \language\l@portuges 
Package babel Info: Making " an active character on input line 145.
))
(/usr/share/texmf-texlive/tex/latex/psnfss/bookman.sty
Package: bookman 2005/04/12 PSNFSS-v9.2a (SPQR) 
)
(/usr/share/texmf-texlive/tex/latex/ltxmisc/ulem.sty
\UL@box=\box26
\UL@hyphenbox=\box27
\UL@skip=\skip43
\UL@hook=\toks16
\UL@pe=\count88
\UL@pixel=\dimen104
\ULC@box=\box28
Package: ulem 2000/05/26
\ULdepth=\dimen105
)
(/usr/share/texmf-texlive/tex/latex/amsfonts/amssymb.sty
Package: amssymb 2002/01/22 v2.2d

(/usr/share/texmf-texlive/tex/latex/amsfonts/amsfonts.sty
Package: amsfonts 2001/10/25 v2.2f
\@emptytoks=\toks17
\symAMSa=\mathgroup4
\symAMSb=\mathgroup5
LaTeX Font Info:    Overwriting math alphabet `\mathfrak' in version `bold'
(Font)                  U/euf/m/n --> U/euf/b/n on input line 132.
))
(/usr/share/texmf-texlive/tex/latex/amscls/amsthm.sty
Package: amsthm 2004/08/06 v2.20
\thm@style=\toks18
\thm@bodyfont=\toks19
\thm@headfont=\toks20
\thm@notefont=\toks21
\thm@headpunct=\toks22
\thm@preskip=\skip44
\thm@postskip=\skip45
\thm@headsep=\skip46
\dth@everypar=\toks23
)
(/usr/share/texmf-texlive/tex/latex/amsmath/amsmath.sty
Package: amsmath 2000/07/18 v2.13 AMS math features
\@mathmargin=\skip47

For additional information on amsmath, use the `?' option.
(/usr/share/texmf-texlive/tex/latex/amsmath/amstext.sty
Package: amstext 2000/06/29 v2.01

(/usr/share/texmf-texlive/tex/latex/amsmath/amsgen.sty
File: amsgen.sty 1999/11/30 v2.0
\@emptytoks=\toks24
\ex@=\dimen106
))
(/usr/share/texmf-texlive/tex/latex/amsmath/amsbsy.sty
Package: amsbsy 1999/11/29 v1.2d
\pmbraise@=\dimen107
)
(/usr/share/texmf-texlive/tex/latex/amsmath/amsopn.sty
Package: amsopn 1999/12/14 v2.01 operator names
)
\inf@bad=\count89
LaTeX Info: Redefining \frac on input line 211.
\uproot@=\count90
\leftroot@=\count91
LaTeX Info: Redefining \overline on input line 307.
\classnum@=\count92
\DOTSCASE@=\count93
LaTeX Info: Redefining \ldots on input line 379.
LaTeX Info: Redefining \dots on input line 382.
LaTeX Info: Redefining \cdots on input line 467.
\Mathstrutbox@=\box29
\strutbox@=\box30
\big@size=\dimen108
LaTeX Font Info:    Redeclaring font encoding OML on input line 567.
LaTeX Font Info:    Redeclaring font encoding OMS on input line 568.
\macc@depth=\count94
\c@MaxMatrixCols=\count95
\dotsspace@=\muskip10
\c@parentequation=\count96
\dspbrk@lvl=\count97
\tag@help=\toks25
\row@=\count98
\column@=\count99
\maxfields@=\count100
\andhelp@=\toks26
\eqnshift@=\dimen109
\alignsep@=\dimen110
\tagshift@=\dimen111
\tagwidth@=\dimen112
\totwidth@=\dimen113
\lineht@=\dimen114
\@envbody=\toks27
\multlinegap=\skip48
\multlinetaggap=\skip49
\mathdisplay@stack=\toks28
LaTeX Info: Redefining \[ on input line 2666.
LaTeX Info: Redefining \] on input line 2667.
)
(/usr/share/texmf-texlive/tex/latex/jknapltx/mathrsfs.sty
Package: mathrsfs 1996/01/01 Math RSFS package v1.0 (jk)
\symrsfs=\mathgroup6
)
(/usr/share/texmf-texlive/tex/latex/tools/xspace.sty
Package: xspace 2006/05/08 v1.12 Space after command names (DPC,MH)
)
(/usr/share/texmf-texlive/tex/latex/tools/enumerate.sty
Package: enumerate 1999/03/05 v3.00 enumerate extensions (DPC)
\@enLab=\toks29
)
(/usr/share/texmf-texlive/tex/latex/base/makeidx.sty
Package: makeidx 2000/03/29 v1.0m Standard LaTeX package
)
(/usr/share/texmf-texlive/tex/latex/tools/calc.sty
Package: calc 2005/08/06 v4.2 Infix arithmetic (KKT,FJ)
\calc@Acount=\count101
\calc@Bcount=\count102
\calc@Adimen=\dimen115
\calc@Bdimen=\dimen116
\calc@Askip=\skip50
\calc@Bskip=\skip51
LaTeX Info: Redefining \setlength on input line 75.
LaTeX Info: Redefining \addtolength on input line 76.
\calc@Ccount=\count103
\calc@Cskip=\skip52
)
(/usr/share/texmf-texlive/tex/latex/base/ifthen.sty
Package: ifthen 2001/05/26 v1.1c Standard LaTeX ifthen package (DPC)
)
(/usr/share/texmf-texlive/tex/latex/graphics/epsfig.sty
Package: epsfig 1999/02/16 v1.7a (e)psfig emulation (SPQR)

(/usr/share/texmf-texlive/tex/latex/graphics/graphicx.sty
Package: graphicx 1999/02/16 v1.0f Enhanced LaTeX Graphics (DPC,SPQR)

(/usr/share/texmf-texlive/tex/latex/graphics/keyval.sty
Package: keyval 1999/03/16 v1.13 key=value parser (DPC)
\KV@toks@=\toks30
)
(/usr/share/texmf-texlive/tex/latex/graphics/graphics.sty
Package: graphics 2006/02/20 v1.0o Standard LaTeX Graphics (DPC,SPQR)

(/usr/share/texmf-texlive/tex/latex/graphics/trig.sty
Package: trig 1999/03/16 v1.09 sin cos tan (DPC)
)
(/etc/texmf/tex/latex/config/graphics.cfg
File: graphics.cfg 2007/01/18 v1.5 graphics configuration of teTeX/TeXLive
)
Package graphics Info: Driver file: dvips.def on input line 90.

(/usr/share/texmf-texlive/tex/latex/graphics/dvips.def
File: dvips.def 1999/02/16 v3.0i Driver-dependant file (DPC,SPQR)
))
\Gin@req@height=\dimen117
\Gin@req@width=\dimen118
)
\epsfxsize=\dimen119
\epsfysize=\dimen120
)
(/usr/share/texmf-texlive/tex/latex/algorithm2e/algorithm2e.sty
Package: algorithm2e 2005/10/04 v3.9 algorithms environments
\c@AlgoLine=\count104

********************************************************
Package `algorithm2e' Release 3.9 -- october 04 2005 --
- algorithm2e-announce@lirmm.fr mailing list for announcement about releases
- algorithm2e-discussion@lirmm.fr mailing list for discussion about package
subscribe by emailing sympa@lirmm.fr with 'subscribe <list> <firstname name>'
- Author: Christophe Fiorio (fiorio@lirmm.fr)
********************************************************
\skiptotal=\skip53
\skiprule=\skip54
\skiphlne=\skip55
\skiptext=\skip56
\skiplength=\skip57
\algomargin=\skip58
\skipalgocfslide=\skip59
\algowidth=\dimen121
\inoutsize=\dimen122
\inoutline=\dimen123
\algocf@inoutbox=\box31
\algocf@inputbox=\box32
\AlCapSkip=\skip60
\AlCapHSkip=\skip61
\algocf@capbox=\box33
\c@algocfline=\count105
\c@algocf=\count106
\algocf@algoframe=\box34
\algocf@algobox=\box35
)
\c@Def=\count107
 (./hashing.aux)
\openout1 = `hashing.aux'.

LaTeX Font Info:    Checking defaults for OML/cmm/m/it on input line 162.
LaTeX Font Info:    ... okay on input line 162.
LaTeX Font Info:    Checking defaults for T1/cmr/m/n on input line 162.
LaTeX Font Info:    ... okay on input line 162.
LaTeX Font Info:    Checking defaults for OT1/cmr/m/n on input line 162.
LaTeX Font Info:    ... okay on input line 162.
LaTeX Font Info:    Checking defaults for OMS/cmsy/m/n on input line 162.
LaTeX Font Info:    ... okay on input line 162.
LaTeX Font Info:    Checking defaults for OMX/cmex/m/n on input line 162.
LaTeX Font Info:    ... okay on input line 162.
LaTeX Font Info:    Checking defaults for U/cmr/m/n on input line 162.
LaTeX Font Info:    ... okay on input line 162.
LaTeX Font Info:    Try loading font information for OT1+pbk on input line 162.

 (/usr/share/texmf-texlive/tex/latex/psnfss/ot1pbk.fd
File: ot1pbk.fd 2001/06/04 font definitions for OT1/pbk.
)
LaTeX Font Info:    Font shape `OT1/pbk/m/n' in size <10> not available
(Font)              Font shape `OT1/pbk/l/n' tried instead on input line 162.
LaTeX Font Info:    Font shape `OT1/pbk/m/n' in size <17.28> not available
(Font)              Font shape `OT1/pbk/l/n' tried instead on input line 164.
LaTeX Font Info:    Font shape `OT1/pbk/m/n' in size <14.4> not available
(Font)              Font shape `OT1/pbk/l/n' tried instead on input line 164.
LaTeX Font Info:    Font shape `OT1/pbk/bx/n' in size <14.4> not available
(Font)              Font shape `OT1/pbk/b/n' tried instead on input line 164.
LaTeX Font Info:    Font shape `OT1/pbk/b/n' in size <14.4> not available
(Font)              Font shape `OT1/pbk/db/n' tried instead on input line 164.
LaTeX Font Info:    Font shape `OT1/pbk/bx/n' in size <24.88> not available
(Font)              Font shape `OT1/pbk/b/n' tried instead on input line 164.
LaTeX Font Info:    Font shape `OT1/pbk/b/n' in size <24.88> not available
(Font)              Font shape `OT1/pbk/db/n' tried instead on input line 164.
LaTeX Font Info:    Font shape `OT1/pbk/bx/it' in size <24.88> not available
(Font)              Font shape `OT1/pbk/b/it' tried instead on input line 164.
LaTeX Font Info:    Font shape `OT1/pbk/b/it' in size <24.88> not available
(Font)              Font shape `OT1/pbk/db/it' tried instead on input line 164.

LaTeX Font Info:    Font shape `OT1/pbk/m/n' in size <12> not available
(Font)              Font shape `OT1/pbk/l/n' tried instead on input line 164.
LaTeX Font Info:    Try loading font information for U+msa on input line 164.

(/usr/share/texmf-texlive/tex/latex/amsfonts/umsa.fd
File: umsa.fd 2002/01/19 v2.2g AMS font definitions
)
LaTeX Font Info:    Try loading font information for U+msb on input line 164.

(/usr/share/texmf-texlive/tex/latex/amsfonts/umsb.fd
File: umsb.fd 2002/01/19 v2.2g AMS font definitions
)
LaTeX Font Info:    Try loading font information for U+rsfs on input line 164.

(/usr/share/texmf-texlive/tex/latex/jknapltx/ursfs.fd
File: ursfs.fd 1998/03/24 rsfs font definition file (jk)
)
LaTeX Font Info:    Font shape `OT1/pbk/m/n' in size <8> not available
(Font)              Font shape `OT1/pbk/l/n' tried instead on input line 164.
LaTeX Font Info:    Try loading font information for OT1+pcr on input line 164.


(/usr/share/texmf-texlive/tex/latex/psnfss/ot1pcr.fd
File: ot1pcr.fd 2001/06/04 font definitions for OT1/pcr.
)
File: ../Misc/Images/arg.eps Graphic file (type eps)
 <../Misc/Images/arg.eps>
LaTeX Font Info:    Font shape `OT1/pbk/m/it' in size <10> not available
(Font)              Font shape `OT1/pbk/l/it' tried instead on input line 164.
File: ../Misc/Images/ufpr.eps Graphic file (type eps)

<../Misc/Images/ufpr.eps> (./hashing.toc
LaTeX Font Info:    Font shape `OT1/pbk/bx/n' in size <10> not available
(Font)              Font shape `OT1/pbk/b/n' tried instead on input line 2.
LaTeX Font Info:    Font shape `OT1/pbk/b/n' in size <10> not available
(Font)              Font shape `OT1/pbk/db/n' tried instead on input line 2.
)
\tf@toc=\write3
\openout3 = `hashing.toc'.

LaTeX Font Info:    Font shape `OT1/pbk/bx/n' in size <12> not available
(Font)              Font shape `OT1/pbk/b/n' tried instead on input line 170.
LaTeX Font Info:    Font shape `OT1/pbk/b/n' in size <12> not available
(Font)              Font shape `OT1/pbk/db/n' tried instead on input line 170.
LaTeX Font Info:    Font shape `OT1/pbk/bx/sc' in size <10> not available
(Font)              Font shape `OT1/pbk/b/sc' tried instead on input line 173.
LaTeX Font Info:    Font shape `OT1/pbk/b/sc' in size <10> not available
(Font)              Font shape `OT1/pbk/db/sc' tried instead on input line 173.

LaTeX Font Info:    Font shape `OT1/pbk/m/sc' in size <10> not available
(Font)              Font shape `OT1/pbk/l/sc' tried instead on input line 185.
LaTeX Font Info:    Font shape `OT1/pbk/m/n' in size <7> not available
(Font)              Font shape `OT1/pbk/l/n' tried instead on input line 185.
LaTeX Font Info:    Font shape `OT1/pbk/m/n' in size <5> not available
(Font)              Font shape `OT1/pbk/l/n' tried instead on input line 185.
LaTeX Font Info:    Font shape `OT1/pbk/m/sl' in size <10> not available
(Font)              Font shape `OT1/pbk/l/sl' tried instead on input line 191.

Overfull \hbox (13.37387pt too wide) in paragraph at lines 192--194
\OT1/pbk/db/sc/10 Teorema \OT1/pbk/db/n/10 2\OT1/pbk/db/sc/10 . $\OML/cmm/m/it/
10 m \U/msa/m/n/10 > \OML/cmm/m/it/10 n$\OT1/pbk/l/sl/10 . Ent[]ao existe um $\
OML/cmm/m/it/10 a \OMS/cmsy/m/n/10 2 \OT1/cmr/m/n/10 [1\OML/cmm/m/it/10 ::u \OM
S/cmsy/m/n/10 ^^@ \OT1/cmr/m/n/10 1]$ \OT1/pbk/l/sl/10 tal que, para $\OML/cmm/
m/it/10 h [] [] x \OMS/cmsy/m/n/10 7! \OT1/cmr/m/n/10 (\OML/cmm/m/it/10 ax [] u
\OT1/cmr/m/n/10 ) [] \OML/cmm/m/it/10 m$\OT1/pbk/l/sl/10 , 
 []

[1

]
Overfull \hbox (2.01913pt too wide) in paragraph at lines 261--280
\OT1/pbk/db/sc/10 Defini[][]ao \OT1/pbk/db/n/10 5 \OT1/pbk/l/n/10 (Es-quema |  
 [])\OT1/pbk/db/sc/10 . \OT1/pbk/l/n/10 Fun[][]ao de \OT1/pbk/l/it/10 hashing \
OT1/pbk/l/n/10 prim[]aria: $\OML/cmm/m/it/10 h [] [] x \OMS/cmsy/m/n/10 7! \OT1
/cmr/m/n/10 (\OML/cmm/m/it/10 ax [] u\OT1/cmr/m/n/10 ) [] \OML/cmm/m/it/10 n$\O
T1/pbk/l/n/10 ,
 []


Overfull \hbox (2.15472pt too wide) in paragraph at lines 261--280
\OT1/pbk/l/n/10 para achar $\OML/cmm/m/it/10 a[]$ \OT1/pbk/l/n/10 e $\OML/cmm/m
/it/10 c[]$\OT1/pbk/l/n/10 . As fun[][]oes se-cund[]arias s[]ao as $\OML/cmm/m/
it/10 h[] [] [] x \OMS/cmsy/m/n/10 7! \OT1/cmr/m/n/10 (\OML/cmm/m/it/10 a[]x []
 u\OT1/cmr/m/n/10 ) []([] ([] \OMS/cmsy/m/n/10 ^^@
 []

[2] [3]
Overfull \hbox (16.38625pt too wide) in paragraph at lines 415--425
\OT1/pbk/l/n/10 (considerando a codifica[][]ao AS-CII). $\OML/cmm/m/it/10 ^^Z [
] [] x \OMS/cmsy/m/n/10 7! \OT1/cmr/m/n/10 (14\OML/cmm/m/it/10 x [] \OT1/cmr/m/
n/10 167) [] 144$\OT1/pbk/l/n/10 . $\OML/cmm/m/it/10 S \OMS/cmsy/m/n/10 7! \OML
/cmm/m/it/10 S[] \OT1/cmr/m/n/10 = []$\OT1/pbk/l/n/10 .
 []

[4] [5]
Overfull \hbox (2.97305pt too wide) in paragraph at lines 518--524
[]\OT1/pbk/l/n/10 Analogamente, cons-tru[]^^Pmos uma ta-bela $\OML/cmm/m/it/10 
T[]$ \OT1/pbk/l/n/10 con-tendo os $\OML/cmm/m/it/10 ^^U[]$\OT1/pbk/l/n/10 , sen
do $\OML/cmm/m/it/10 i \OMS/cmsy/m/n/10 2 \OT1/cmr/m/n/10 [1\OML/cmm/m/it/10 ::
 []\OT1/cmr/m/n/10 ]$\OT1/pbk/l/n/10 ,
 []


Overfull \hbox (2.9128pt too wide) in paragraph at lines 526--538
\OT1/pbk/l/n/10 Logo, po-de-mos uti-li-zar $\OML/cmm/m/it/10 ^^U[]$ \OT1/pbk/l/
n/10 para ob-ter $\OML/cmm/m/it/10 C[]$\OT1/pbk/l/n/10 . As-sim como ex-trair u
ma sub-sequ[]encia
 []

[6]
LaTeX Font Info:    Font shape `OT1/pbk/m/n' in size <6> not available
(Font)              Font shape `OT1/pbk/l/n' tried instead on input line 612.
 [7]
LaTeX Font Info:    Font shape `OT1/pbk/m/sl' in size <7> not available
(Font)              Font shape `OT1/pbk/l/sl' tried instead on input line 708.
LaTeX Font Info:    Font shape `OT1/pbk/m/sl' in size <5> not available
(Font)              Font shape `OT1/pbk/l/sl' tried instead on input line 708.
 [8] [9]
Overfull \hbox (4.47697pt too wide) in paragraph at lines 838--846
 [] 
 []

[10]
Overfull \hbox (4.06783pt too wide) in paragraph at lines 875--877
\OT1/pbk/db/sc/10 Defini[][]ao \OT1/pbk/db/n/10 24\OT1/pbk/db/sc/10 . \OT1/pbk/
l/n/10 Um $\OML/cmm/m/it/10 r$\OT1/pbk/l/n/10 -hipergrafo []e |   [] se n[]ao c
ont[]em sub-grafo com grau m[]^^Pnimo
 []

[11] [12] [13] [14] (./hashing.aux)

LaTeX Warning: Label(s) may have changed. Rerun to get cross-references right.

 ) 
Here is how much of TeX's memory you used:
 3539 strings out of 94102
 41326 string characters out of 1165833
 124800 words of memory out of 1500000
 6744 multiletter control sequences out of 10000+50000
 21249 words of font info for 72 fonts, out of 1200000 for 2000
 637 hyphenation exceptions out of 8191
 32i,13n,24p,264b,397s stack positions out of 5000i,500n,6000p,200000b,5000s

Output written on hashing.dvi (14 pages, 73552 bytes).
